{"/Users/piotr/Documents/GitHub/sifnode/ui/e2e/config.js": {"path":"/Users/piotr/Documents/GitHub/sifnode/ui/e2e/config.js","statementMap":{"0":{"start":{"line":1,"column":26},"end":{"line":3,"column":20}},"1":{"start":{"line":5,"column":28},"end":{"line":17,"column":1}},"2":{"start":{"line":9,"column":4},"end":{"line":9,"column":49}},"3":{"start":{"line":19,"column":25},"end":{"line":36,"column":1}},"4":{"start":{"line":23,"column":4},"end":{"line":23,"column":49}}},"fnMap":{"0":{"name":"(anonymous_0)","decl":{"start":{"line":8,"column":2},"end":{"line":8,"column":3}},"loc":{"start":{"line":8,"column":13},"end":{"line":10,"column":3}},"line":8},"1":{"name":"(anonymous_1)","decl":{"start":{"line":22,"column":2},"end":{"line":22,"column":3}},"loc":{"start":{"line":22,"column":13},"end":{"line":24,"column":3}},"line":22}},"branchMap":{"0":{"loc":{"start":{"line":1,"column":26},"end":{"line":3,"column":20}},"type":"cond-expr","locations":[{"start":{"line":2,"column":4},"end":{"line":2,"column":35}},{"start":{"line":3,"column":4},"end":{"line":3,"column":20}}],"line":1}},"s":{"0":1,"1":1,"2":1,"3":1,"4":1},"f":{"0":1,"1":1},"b":{"0":[0,1]},"_coverageSchema":"1a1c01bbd47fc00a2c39e90264f33305004495a9","hash":"9b0d80f97c75e612b4d15153f0df4ed8190724c9"}
,"/Users/piotr/Documents/GitHub/sifnode/ui/e2e/ethereum.js": {"path":"/Users/piotr/Documents/GitHub/sifnode/ui/e2e/ethereum.js","statementMap":{"0":{"start":{"line":2,"column":13},"end":{"line":2,"column":46}},"1":{"start":{"line":7,"column":21},"end":{"line":7,"column":55}},"2":{"start":{"line":8,"column":18},"end":{"line":8,"column":48}},"3":{"start":{"line":9,"column":2},"end":{"line":9,"column":17}},"4":{"start":{"line":13,"column":2},"end":{"line":13,"column":25}}},"fnMap":{"0":{"name":"getEthBalance","decl":{"start":{"line":6,"column":22},"end":{"line":6,"column":35}},"loc":{"start":{"line":6,"column":45},"end":{"line":10,"column":1}},"line":6},"1":{"name":"advanceEthBlocks","decl":{"start":{"line":12,"column":22},"end":{"line":12,"column":38}},"loc":{"start":{"line":12,"column":41},"end":{"line":14,"column":1}},"line":12}},"branchMap":{},"s":{"0":1,"1":0,"2":0,"3":0,"4":0},"f":{"0":0,"1":0},"b":{},"_coverageSchema":"1a1c01bbd47fc00a2c39e90264f33305004495a9","hash":"fa6e30421089d22351d825020badb66b394f303d"}
,"/Users/piotr/Documents/GitHub/sifnode/ui/e2e/helpers.js": {"path":"/Users/piotr/Documents/GitHub/sifnode/ui/e2e/helpers.js","statementMap":{"0":{"start":{"line":13,"column":2},"end":{"line":13,"column":78}},"1":{"start":{"line":14,"column":2},"end":{"line":14,"column":46}},"2":{"start":{"line":16,"column":2},"end":{"line":16,"column":34}},"3":{"start":{"line":17,"column":2},"end":{"line":19,"column":4}},"4":{"start":{"line":20,"column":2},"end":{"line":20,"column":46}},"5":{"start":{"line":24,"column":2},"end":{"line":24,"column":35}},"6":{"start":{"line":25,"column":2},"end":{"line":25,"column":34}},"7":{"start":{"line":26,"column":22},"end":{"line":26,"column":59}},"8":{"start":{"line":27,"column":2},"end":{"line":27,"column":59}},"9":{"start":{"line":27,"column":20},"end":{"line":27,"column":59}},"10":{"start":{"line":31,"column":2},"end":{"line":31,"column":28}},"11":{"start":{"line":32,"column":2},"end":{"line":32,"column":35}},"12":{"start":{"line":33,"column":2},"end":{"line":33,"column":44}},"13":{"start":{"line":35,"column":2},"end":{"line":35,"column":34}},"14":{"start":{"line":36,"column":2},"end":{"line":36,"column":39}},"15":{"start":{"line":37,"column":2},"end":{"line":37,"column":40}},"16":{"start":{"line":38,"column":2},"end":{"line":38,"column":43}},"17":{"start":{"line":39,"column":2},"end":{"line":39,"column":29}}},"fnMap":{"0":{"name":"connectKeplrAccount","decl":{"start":{"line":10,"column":22},"end":{"line":10,"column":41}},"loc":{"start":{"line":10,"column":44},"end":{"line":21,"column":1}},"line":10},"1":{"name":"reconnectKeplrAccount","decl":{"start":{"line":23,"column":22},"end":{"line":23,"column":43}},"loc":{"start":{"line":23,"column":46},"end":{"line":28,"column":1}},"line":23},"2":{"name":"connectMetaMaskAccount","decl":{"start":{"line":30,"column":22},"end":{"line":30,"column":44}},"loc":{"start":{"line":30,"column":47},"end":{"line":40,"column":1}},"line":30}},"branchMap":{"0":{"loc":{"start":{"line":27,"column":2},"end":{"line":27,"column":59}},"type":"if","locations":[{"start":{"line":27,"column":2},"end":{"line":27,"column":59}},{"start":{"line":27,"column":2},"end":{"line":27,"column":59}}],"line":27}},"s":{"0":1,"1":1,"2":0,"3":0,"4":0,"5":0,"6":0,"7":0,"8":0,"9":0,"10":0,"11":0,"12":0,"13":0,"14":0,"15":0,"16":0,"17":0},"f":{"0":1,"1":0,"2":0},"b":{"0":[0,0]},"_coverageSchema":"1a1c01bbd47fc00a2c39e90264f33305004495a9","hash":"e3f078161f142e7bb15963e42724205092a9ef72"}
,"/Users/piotr/Documents/GitHub/sifnode/ui/e2e/sifchain.js": {"path":"/Users/piotr/Documents/GitHub/sifnode/ui/e2e/sifchain.js","statementMap":{"0":{"start":{"line":1,"column":0},"end":{"line":1,"column":28}},"1":{"start":{"line":3,"column":13},"end":{"line":3,"column":46}},"2":{"start":{"line":6,"column":2},"end":{"line":23,"column":7}},"3":{"start":{"line":8,"column":6},"end":{"line":8,"column":24}},"4":{"start":{"line":11,"column":20},"end":{"line":11,"column":43}},"5":{"start":{"line":13,"column":6},"end":{"line":18,"column":7}},"6":{"start":{"line":14,"column":8},"end":{"line":17,"column":9}},"7":{"start":{"line":15,"column":10},"end":{"line":15,"column":35}},"8":{"start":{"line":16,"column":10},"end":{"line":16,"column":51}},"9":{"start":{"line":19,"column":6},"end":{"line":19,"column":20}},"10":{"start":{"line":22,"column":6},"end":{"line":22,"column":44}}},"fnMap":{"0":{"name":"getSifchainBalances","decl":{"start":{"line":5,"column":22},"end":{"line":5,"column":41}},"loc":{"start":{"line":5,"column":63},"end":{"line":24,"column":1}},"line":5},"1":{"name":"(anonymous_1)","decl":{"start":{"line":7,"column":10},"end":{"line":7,"column":11}},"loc":{"start":{"line":7,"column":19},"end":{"line":9,"column":5}},"line":7},"2":{"name":"(anonymous_2)","decl":{"start":{"line":10,"column":10},"end":{"line":10,"column":11}},"loc":{"start":{"line":10,"column":20},"end":{"line":20,"column":5}},"line":10},"3":{"name":"(anonymous_3)","decl":{"start":{"line":21,"column":11},"end":{"line":21,"column":12}},"loc":{"start":{"line":21,"column":20},"end":{"line":23,"column":5}},"line":21}},"branchMap":{"0":{"loc":{"start":{"line":14,"column":8},"end":{"line":17,"column":9}},"type":"if","locations":[{"start":{"line":14,"column":8},"end":{"line":17,"column":9}},{"start":{"line":14,"column":8},"end":{"line":17,"column":9}}],"line":14}},"s":{"0":1,"1":1,"2":0,"3":0,"4":0,"5":0,"6":0,"7":0,"8":0,"9":0,"10":0},"f":{"0":0,"1":0,"2":0,"3":0},"b":{"0":[0,0]},"_coverageSchema":"1a1c01bbd47fc00a2c39e90264f33305004495a9","hash":"fc4b5e310e965576afd3ade0ee8212028ff36513"}
,"/Users/piotr/Documents/GitHub/sifnode/ui/e2e/pages/BalancesPage.js": {"path":"/Users/piotr/Documents/GitHub/sifnode/ui/e2e/pages/BalancesPage.js","statementMap":{"0":{"start":{"line":7,"column":4},"end":{"line":9,"column":6}},"1":{"start":{"line":8,"column":30},"end":{"line":8,"column":67}},"2":{"start":{"line":13,"column":4},"end":{"line":15,"column":7}},"3":{"start":{"line":19,"column":4},"end":{"line":23,"column":5}},"4":{"start":{"line":20,"column":6},"end":{"line":20,"column":53}},"5":{"start":{"line":22,"column":6},"end":{"line":22,"column":55}},"6":{"start":{"line":28,"column":4},"end":{"line":28,"column":70}},"7":{"start":{"line":29,"column":4},"end":{"line":29,"column":53}},"8":{"start":{"line":30,"column":4},"end":{"line":30,"column":60}},"9":{"start":{"line":31,"column":4},"end":{"line":31,"column":50}},"10":{"start":{"line":33,"column":27},"end":{"line":36,"column":6}},"11":{"start":{"line":38,"column":4},"end":{"line":41,"column":7}},"12":{"start":{"line":43,"column":4},"end":{"line":43,"column":61}},"13":{"start":{"line":44,"column":4},"end":{"line":44,"column":39}},"14":{"start":{"line":45,"column":4},"end":{"line":45,"column":37}},"15":{"start":{"line":49,"column":4},"end":{"line":49,"column":70}},"16":{"start":{"line":50,"column":4},"end":{"line":50,"column":53}},"17":{"start":{"line":51,"column":4},"end":{"line":51,"column":60}},"18":{"start":{"line":52,"column":4},"end":{"line":52,"column":50}},"19":{"start":{"line":56,"column":4},"end":{"line":56,"column":58}},"20":{"start":{"line":69,"column":4},"end":{"line":69,"column":71}},"21":{"start":{"line":73,"column":4},"end":{"line":73,"column":36}},"22":{"start":{"line":74,"column":4},"end":{"line":74,"column":31}},"23":{"start":{"line":78,"column":4},"end":{"line":80,"column":6}},"24":{"start":{"line":84,"column":28},"end":{"line":84,"column":46}}},"fnMap":{"0":{"name":"(anonymous_0)","decl":{"start":{"line":6,"column":2},"end":{"line":6,"column":3}},"loc":{"start":{"line":6,"column":16},"end":{"line":10,"column":3}},"line":6},"1":{"name":"(anonymous_1)","decl":{"start":{"line":8,"column":19},"end":{"line":8,"column":20}},"loc":{"start":{"line":8,"column":30},"end":{"line":8,"column":67}},"line":8},"2":{"name":"(anonymous_2)","decl":{"start":{"line":12,"column":2},"end":{"line":12,"column":3}},"loc":{"start":{"line":12,"column":19},"end":{"line":16,"column":3}},"line":12},"3":{"name":"(anonymous_3)","decl":{"start":{"line":18,"column":2},"end":{"line":18,"column":3}},"loc":{"start":{"line":18,"column":21},"end":{"line":24,"column":3}},"line":18},"4":{"name":"(anonymous_4)","decl":{"start":{"line":27,"column":2},"end":{"line":27,"column":3}},"loc":{"start":{"line":27,"column":30},"end":{"line":46,"column":3}},"line":27},"5":{"name":"(anonymous_5)","decl":{"start":{"line":48,"column":2},"end":{"line":48,"column":3}},"loc":{"start":{"line":48,"column":30},"end":{"line":53,"column":3}},"line":48},"6":{"name":"(anonymous_6)","decl":{"start":{"line":55,"column":2},"end":{"line":55,"column":3}},"loc":{"start":{"line":55,"column":29},"end":{"line":57,"column":3}},"line":55},"7":{"name":"(anonymous_7)","decl":{"start":{"line":59,"column":2},"end":{"line":59,"column":3}},"loc":{"start":{"line":59,"column":49},"end":{"line":70,"column":3}},"line":59},"8":{"name":"(anonymous_8)","decl":{"start":{"line":72,"column":2},"end":{"line":72,"column":3}},"loc":{"start":{"line":72,"column":32},"end":{"line":75,"column":3}},"line":72},"9":{"name":"(anonymous_9)","decl":{"start":{"line":77,"column":2},"end":{"line":77,"column":3}},"loc":{"start":{"line":77,"column":40},"end":{"line":81,"column":3}},"line":77}},"branchMap":{"0":{"loc":{"start":{"line":19,"column":4},"end":{"line":23,"column":5}},"type":"if","locations":[{"start":{"line":19,"column":4},"end":{"line":23,"column":5}},{"start":{"line":19,"column":4},"end":{"line":23,"column":5}}],"line":19}},"s":{"0":1,"1":0,"2":1,"3":0,"4":0,"5":0,"6":0,"7":0,"8":0,"9":0,"10":0,"11":0,"12":0,"13":0,"14":0,"15":0,"16":0,"17":0,"18":0,"19":0,"20":0,"21":0,"22":0,"23":0,"24":1},"f":{"0":1,"1":0,"2":1,"3":0,"4":0,"5":0,"6":0,"7":0,"8":0,"9":0},"b":{"0":[0,0]},"_coverageSchema":"1a1c01bbd47fc00a2c39e90264f33305004495a9","hash":"c072e1889e193ef8c2f20e30250e9b76a2b7c0ea"}
,"/Users/piotr/Documents/GitHub/sifnode/ui/e2e/pages/ConfirmSupplyModal.js": {"path":"/Users/piotr/Documents/GitHub/sifnode/ui/e2e/pages/ConfirmSupplyModal.js","statementMap":{"0":{"start":{"line":3,"column":4},"end":{"line":14,"column":6}},"1":{"start":{"line":5,"column":31},"end":{"line":5,"column":66}},"2":{"start":{"line":7,"column":8},"end":{"line":7,"column":71}},"3":{"start":{"line":18,"column":4},"end":{"line":18,"column":50}},"4":{"start":{"line":22,"column":4},"end":{"line":22,"column":47}},"5":{"start":{"line":26,"column":4},"end":{"line":26,"column":61}},"6":{"start":{"line":30,"column":4},"end":{"line":30,"column":64}},"7":{"start":{"line":34,"column":4},"end":{"line":34,"column":55}},"8":{"start":{"line":38,"column":4},"end":{"line":38,"column":55}},"9":{"start":{"line":42,"column":4},"end":{"line":42,"column":58}},"10":{"start":{"line":46,"column":4},"end":{"line":46,"column":65}},"11":{"start":{"line":50,"column":4},"end":{"line":50,"column":43}},"12":{"start":{"line":54,"column":34},"end":{"line":54,"column":58}}},"fnMap":{"0":{"name":"(anonymous_0)","decl":{"start":{"line":2,"column":2},"end":{"line":2,"column":3}},"loc":{"start":{"line":2,"column":16},"end":{"line":15,"column":3}},"line":2},"1":{"name":"(anonymous_1)","decl":{"start":{"line":5,"column":20},"end":{"line":5,"column":21}},"loc":{"start":{"line":5,"column":31},"end":{"line":5,"column":66}},"line":5},"2":{"name":"(anonymous_2)","decl":{"start":{"line":6,"column":23},"end":{"line":6,"column":24}},"loc":{"start":{"line":7,"column":8},"end":{"line":7,"column":71}},"line":7},"3":{"name":"(anonymous_3)","decl":{"start":{"line":17,"column":2},"end":{"line":17,"column":3}},"loc":{"start":{"line":17,"column":29},"end":{"line":19,"column":3}},"line":17},"4":{"name":"(anonymous_4)","decl":{"start":{"line":21,"column":2},"end":{"line":21,"column":3}},"loc":{"start":{"line":21,"column":19},"end":{"line":23,"column":3}},"line":21},"5":{"name":"(anonymous_5)","decl":{"start":{"line":25,"column":2},"end":{"line":25,"column":3}},"loc":{"start":{"line":25,"column":35},"end":{"line":27,"column":3}},"line":25},"6":{"name":"(anonymous_6)","decl":{"start":{"line":29,"column":2},"end":{"line":29,"column":3}},"loc":{"start":{"line":29,"column":34},"end":{"line":31,"column":3}},"line":29},"7":{"name":"(anonymous_7)","decl":{"start":{"line":33,"column":2},"end":{"line":33,"column":3}},"loc":{"start":{"line":33,"column":31},"end":{"line":35,"column":3}},"line":33},"8":{"name":"(anonymous_8)","decl":{"start":{"line":37,"column":2},"end":{"line":37,"column":3}},"loc":{"start":{"line":37,"column":31},"end":{"line":39,"column":3}},"line":37},"9":{"name":"(anonymous_9)","decl":{"start":{"line":41,"column":2},"end":{"line":41,"column":3}},"loc":{"start":{"line":41,"column":34},"end":{"line":43,"column":3}},"line":41},"10":{"name":"(anonymous_10)","decl":{"start":{"line":45,"column":2},"end":{"line":45,"column":3}},"loc":{"start":{"line":45,"column":34},"end":{"line":47,"column":3}},"line":45},"11":{"name":"(anonymous_11)","decl":{"start":{"line":49,"column":2},"end":{"line":49,"column":3}},"loc":{"start":{"line":49,"column":21},"end":{"line":51,"column":3}},"line":49}},"branchMap":{},"s":{"0":1,"1":0,"2":0,"3":0,"4":0,"5":0,"6":0,"7":0,"8":0,"9":0,"10":0,"11":0,"12":1},"f":{"0":1,"1":0,"2":0,"3":0,"4":0,"5":0,"6":0,"7":0,"8":0,"9":0,"10":0,"11":0},"b":{},"_coverageSchema":"1a1c01bbd47fc00a2c39e90264f33305004495a9","hash":"d647fa813468428f4cc3b3d1ff5ef9869927fa17"}
,"/Users/piotr/Documents/GitHub/sifnode/ui/e2e/pages/ConfirmSwapModal.js": {"path":"/Users/piotr/Documents/GitHub/sifnode/ui/e2e/pages/ConfirmSwapModal.js","statementMap":{"0":{"start":{"line":1,"column":17},"end":{"line":1,"column":45}},"1":{"start":{"line":5,"column":4},"end":{"line":5,"column":61}},"2":{"start":{"line":6,"column":4},"end":{"line":19,"column":6}},"3":{"start":{"line":8,"column":8},"end":{"line":8,"column":64}},"4":{"start":{"line":10,"column":8},"end":{"line":10,"column":92}},"5":{"start":{"line":32,"column":4},"end":{"line":34,"column":6}},"6":{"start":{"line":35,"column":4},"end":{"line":37,"column":6}},"7":{"start":{"line":38,"column":4},"end":{"line":40,"column":6}},"8":{"start":{"line":41,"column":4},"end":{"line":43,"column":6}},"9":{"start":{"line":44,"column":4},"end":{"line":46,"column":6}},"10":{"start":{"line":47,"column":4},"end":{"line":49,"column":6}},"11":{"start":{"line":53,"column":4},"end":{"line":53,"column":48}},"12":{"start":{"line":57,"column":4},"end":{"line":57,"column":42}},"13":{"start":{"line":61,"column":4},"end":{"line":61,"column":43}},"14":{"start":{"line":65,"column":4},"end":{"line":65,"column":53}},"15":{"start":{"line":69,"column":4},"end":{"line":69,"column":61}},"16":{"start":{"line":73,"column":4},"end":{"line":73,"column":64}},"17":{"start":{"line":77,"column":4},"end":{"line":77,"column":74}},"18":{"start":{"line":81,"column":32},"end":{"line":81,"column":54}}},"fnMap":{"0":{"name":"(anonymous_0)","decl":{"start":{"line":4,"column":2},"end":{"line":4,"column":3}},"loc":{"start":{"line":4,"column":16},"end":{"line":20,"column":3}},"line":4},"1":{"name":"(anonymous_1)","decl":{"start":{"line":7,"column":20},"end":{"line":7,"column":21}},"loc":{"start":{"line":8,"column":8},"end":{"line":8,"column":64}},"line":8},"2":{"name":"(anonymous_2)","decl":{"start":{"line":9,"column":23},"end":{"line":9,"column":24}},"loc":{"start":{"line":10,"column":8},"end":{"line":10,"column":92}},"line":10},"3":{"name":"(anonymous_3)","decl":{"start":{"line":22,"column":2},"end":{"line":22,"column":3}},"loc":{"start":{"line":31,"column":5},"end":{"line":50,"column":3}},"line":31},"4":{"name":"(anonymous_4)","decl":{"start":{"line":52,"column":2},"end":{"line":52,"column":3}},"loc":{"start":{"line":52,"column":27},"end":{"line":54,"column":3}},"line":52},"5":{"name":"(anonymous_5)","decl":{"start":{"line":56,"column":2},"end":{"line":56,"column":3}},"loc":{"start":{"line":56,"column":21},"end":{"line":58,"column":3}},"line":56},"6":{"name":"(anonymous_6)","decl":{"start":{"line":60,"column":2},"end":{"line":60,"column":3}},"loc":{"start":{"line":60,"column":21},"end":{"line":62,"column":3}},"line":60},"7":{"name":"(anonymous_7)","decl":{"start":{"line":64,"column":2},"end":{"line":64,"column":3}},"loc":{"start":{"line":64,"column":25},"end":{"line":66,"column":3}},"line":64},"8":{"name":"(anonymous_8)","decl":{"start":{"line":68,"column":2},"end":{"line":68,"column":3}},"loc":{"start":{"line":68,"column":35},"end":{"line":70,"column":3}},"line":68},"9":{"name":"(anonymous_9)","decl":{"start":{"line":72,"column":2},"end":{"line":72,"column":3}},"loc":{"start":{"line":72,"column":34},"end":{"line":74,"column":3}},"line":72},"10":{"name":"(anonymous_10)","decl":{"start":{"line":76,"column":2},"end":{"line":76,"column":3}},"loc":{"start":{"line":76,"column":43},"end":{"line":78,"column":3}},"line":76}},"branchMap":{},"s":{"0":1,"1":1,"2":1,"3":0,"4":0,"5":0,"6":0,"7":0,"8":0,"9":0,"10":0,"11":0,"12":0,"13":0,"14":0,"15":0,"16":0,"17":0,"18":1},"f":{"0":1,"1":0,"2":0,"3":0,"4":0,"5":0,"6":0,"7":0,"8":0,"9":0,"10":0},"b":{},"_coverageSchema":"1a1c01bbd47fc00a2c39e90264f33305004495a9","hash":"5571f939a24c94b732acfedac84134b5b9a6b24a"}
,"/Users/piotr/Documents/GitHub/sifnode/ui/e2e/pages/ConnectPopup.js": {"path":"/Users/piotr/Documents/GitHub/sifnode/ui/e2e/pages/ConnectPopup.js","statementMap":{"0":{"start":{"line":5,"column":4},"end":{"line":8,"column":6}},"1":{"start":{"line":12,"column":4},"end":{"line":12,"column":52}},"2":{"start":{"line":16,"column":4},"end":{"line":16,"column":49}},"3":{"start":{"line":20,"column":4},"end":{"line":20,"column":57}},"4":{"start":{"line":24,"column":4},"end":{"line":24,"column":50}},"5":{"start":{"line":28,"column":4},"end":{"line":28,"column":53}},"6":{"start":{"line":32,"column":4},"end":{"line":36,"column":6}},"7":{"start":{"line":40,"column":4},"end":{"line":40,"column":80}},"8":{"start":{"line":44,"column":28},"end":{"line":44,"column":46}}},"fnMap":{"0":{"name":"(anonymous_0)","decl":{"start":{"line":4,"column":2},"end":{"line":4,"column":3}},"loc":{"start":{"line":4,"column":16},"end":{"line":9,"column":3}},"line":4},"1":{"name":"(anonymous_1)","decl":{"start":{"line":11,"column":2},"end":{"line":11,"column":3}},"loc":{"start":{"line":11,"column":31},"end":{"line":13,"column":3}},"line":11},"2":{"name":"(anonymous_2)","decl":{"start":{"line":15,"column":2},"end":{"line":15,"column":3}},"loc":{"start":{"line":15,"column":28},"end":{"line":17,"column":3}},"line":15},"3":{"name":"(anonymous_3)","decl":{"start":{"line":19,"column":2},"end":{"line":19,"column":3}},"loc":{"start":{"line":19,"column":16},"end":{"line":21,"column":3}},"line":19},"4":{"name":"(anonymous_4)","decl":{"start":{"line":23,"column":2},"end":{"line":23,"column":3}},"loc":{"start":{"line":23,"column":27},"end":{"line":25,"column":3}},"line":23},"5":{"name":"(anonymous_5)","decl":{"start":{"line":27,"column":2},"end":{"line":27,"column":3}},"loc":{"start":{"line":27,"column":30},"end":{"line":29,"column":3}},"line":27},"6":{"name":"(anonymous_6)","decl":{"start":{"line":31,"column":2},"end":{"line":31,"column":3}},"loc":{"start":{"line":31,"column":34},"end":{"line":37,"column":3}},"line":31},"7":{"name":"(anonymous_7)","decl":{"start":{"line":39,"column":2},"end":{"line":39,"column":3}},"loc":{"start":{"line":39,"column":31},"end":{"line":41,"column":3}},"line":39}},"branchMap":{},"s":{"0":1,"1":0,"2":0,"3":0,"4":0,"5":0,"6":0,"7":0,"8":1},"f":{"0":1,"1":0,"2":0,"3":0,"4":0,"5":0,"6":0,"7":0},"b":{},"_coverageSchema":"1a1c01bbd47fc00a2c39e90264f33305004495a9","hash":"c7d89be23582035cdbb64c865fa2417db0de84e0"}
,"/Users/piotr/Documents/GitHub/sifnode/ui/e2e/pages/GenericPage.js": {"path":"/Users/piotr/Documents/GitHub/sifnode/ui/e2e/pages/GenericPage.js","statementMap":{"0":{"start":{"line":4,"column":4},"end":{"line":4,"column":56}},"1":{"start":{"line":4,"column":46},"end":{"line":4,"column":54}}},"fnMap":{"0":{"name":"(anonymous_0)","decl":{"start":{"line":2,"column":2},"end":{"line":2,"column":3}},"loc":{"start":{"line":2,"column":16},"end":{"line":2,"column":18}},"line":2},"1":{"name":"(anonymous_1)","decl":{"start":{"line":3,"column":2},"end":{"line":3,"column":3}},"loc":{"start":{"line":3,"column":32},"end":{"line":6,"column":3}},"line":3},"2":{"name":"(anonymous_2)","decl":{"start":{"line":4,"column":38},"end":{"line":4,"column":39}},"loc":{"start":{"line":4,"column":46},"end":{"line":4,"column":54}},"line":4}},"branchMap":{},"s":{"0":0,"1":0},"f":{"0":3,"1":0,"2":0},"b":{},"_coverageSchema":"1a1c01bbd47fc00a2c39e90264f33305004495a9","hash":"55dd1c3f4a5275f64b1348bb64c39868eac61b24"}
,"/Users/piotr/Documents/GitHub/sifnode/ui/e2e/pages/KeplrNotificationPopup.js": {"path":"/Users/piotr/Documents/GitHub/sifnode/ui/e2e/pages/KeplrNotificationPopup.js","statementMap":{"0":{"start":{"line":7,"column":4},"end":{"line":7,"column":25}},"1":{"start":{"line":13,"column":4},"end":{"line":13,"column":60}},"2":{"start":{"line":27,"column":4},"end":{"line":27,"column":50}},"3":{"start":{"line":31,"column":38},"end":{"line":31,"column":66}}},"fnMap":{"0":{"name":"(anonymous_0)","decl":{"start":{"line":6,"column":2},"end":{"line":6,"column":3}},"loc":{"start":{"line":6,"column":37},"end":{"line":8,"column":3}},"line":6},"1":{"name":"(anonymous_1)","decl":{"start":{"line":10,"column":2},"end":{"line":10,"column":3}},"loc":{"start":{"line":10,"column":61},"end":{"line":24,"column":3}},"line":10},"2":{"name":"(anonymous_2)","decl":{"start":{"line":26,"column":2},"end":{"line":26,"column":3}},"loc":{"start":{"line":26,"column":23},"end":{"line":28,"column":3}},"line":26}},"branchMap":{"0":{"loc":{"start":{"line":6,"column":14},"end":{"line":6,"column":35}},"type":"default-arg","locations":[{"start":{"line":6,"column":23},"end":{"line":6,"column":35}}],"line":6},"1":{"loc":{"start":{"line":10,"column":17},"end":{"line":10,"column":59}},"type":"default-arg","locations":[{"start":{"line":10,"column":23},"end":{"line":10,"column":59}}],"line":10}},"s":{"0":1,"1":1,"2":1,"3":1},"f":{"0":1,"1":1,"2":1},"b":{"0":[1],"1":[0]},"_coverageSchema":"1a1c01bbd47fc00a2c39e90264f33305004495a9","hash":"7a3c352e7aa93104f47ccd0591edbab6f9f2bbd9"}
,"/Users/piotr/Documents/GitHub/sifnode/ui/e2e/pages/KeplrPage.js": {"path":"/Users/piotr/Documents/GitHub/sifnode/ui/e2e/pages/KeplrPage.js","statementMap":{"0":{"start":{"line":6,"column":4},"end":{"line":6,"column":25}},"1":{"start":{"line":10,"column":4},"end":{"line":10,"column":55}},"2":{"start":{"line":11,"column":4},"end":{"line":11,"column":31}},"3":{"start":{"line":15,"column":4},"end":{"line":19,"column":5}},"4":{"start":{"line":16,"column":6},"end":{"line":16,"column":42}},"5":{"start":{"line":18,"column":6},"end":{"line":18,"column":57}},"6":{"start":{"line":20,"column":4},"end":{"line":20,"column":76}},"7":{"start":{"line":24,"column":4},"end":{"line":26,"column":6}},"8":{"start":{"line":27,"column":4},"end":{"line":27,"column":58}},"9":{"start":{"line":28,"column":4},"end":{"line":31,"column":6}},"10":{"start":{"line":32,"column":4},"end":{"line":32,"column":73}},"11":{"start":{"line":33,"column":4},"end":{"line":33,"column":64}},"12":{"start":{"line":34,"column":4},"end":{"line":34,"column":71}},"13":{"start":{"line":35,"column":4},"end":{"line":35,"column":39}},"14":{"start":{"line":36,"column":4},"end":{"line":36,"column":39}},"15":{"start":{"line":41,"column":25},"end":{"line":41,"column":40}}},"fnMap":{"0":{"name":"(anonymous_0)","decl":{"start":{"line":5,"column":2},"end":{"line":5,"column":3}},"loc":{"start":{"line":5,"column":37},"end":{"line":7,"column":3}},"line":5},"1":{"name":"(anonymous_1)","decl":{"start":{"line":9,"column":2},"end":{"line":9,"column":3}},"loc":{"start":{"line":9,"column":16},"end":{"line":12,"column":3}},"line":9},"2":{"name":"(anonymous_2)","decl":{"start":{"line":14,"column":2},"end":{"line":14,"column":3}},"loc":{"start":{"line":14,"column":33},"end":{"line":21,"column":3}},"line":14},"3":{"name":"(anonymous_3)","decl":{"start":{"line":23,"column":2},"end":{"line":23,"column":3}},"loc":{"start":{"line":23,"column":24},"end":{"line":38,"column":3}},"line":23}},"branchMap":{"0":{"loc":{"start":{"line":5,"column":14},"end":{"line":5,"column":35}},"type":"default-arg","locations":[{"start":{"line":5,"column":23},"end":{"line":5,"column":35}}],"line":5},"1":{"loc":{"start":{"line":14,"column":17},"end":{"line":14,"column":31}},"type":"default-arg","locations":[{"start":{"line":14,"column":27},"end":{"line":14,"column":31}}],"line":14},"2":{"loc":{"start":{"line":15,"column":4},"end":{"line":19,"column":5}},"type":"if","locations":[{"start":{"line":15,"column":4},"end":{"line":19,"column":5}},{"start":{"line":15,"column":4},"end":{"line":19,"column":5}}],"line":15}},"s":{"0":1,"1":1,"2":1,"3":1,"4":1,"5":0,"6":1,"7":1,"8":1,"9":1,"10":1,"11":1,"12":1,"13":1,"14":1,"15":1},"f":{"0":1,"1":1,"2":1,"3":1},"b":{"0":[1],"1":[1],"2":[1,0]},"_coverageSchema":"1a1c01bbd47fc00a2c39e90264f33305004495a9","hash":"e71792efcaaa5ae4517fc6b5c8e5340508af2be5"}
,"/Users/piotr/Documents/GitHub/sifnode/ui/e2e/pages/MetaMaskPage.js": {"path":"/Users/piotr/Documents/GitHub/sifnode/ui/e2e/pages/MetaMaskPage.js","statementMap":{"0":{"start":{"line":5,"column":4},"end":{"line":5,"column":25}},"1":{"start":{"line":9,"column":4},"end":{"line":13,"column":5}},"2":{"start":{"line":10,"column":6},"end":{"line":10,"column":42}},"3":{"start":{"line":12,"column":6},"end":{"line":12,"column":57}},"4":{"start":{"line":14,"column":4},"end":{"line":14,"column":75}},"5":{"start":{"line":18,"column":4},"end":{"line":18,"column":55}},"6":{"start":{"line":19,"column":4},"end":{"line":19,"column":38}},"7":{"start":{"line":20,"column":4},"end":{"line":20,"column":31}},"8":{"start":{"line":21,"column":4},"end":{"line":21,"column":28}},"9":{"start":{"line":26,"column":4},"end":{"line":26,"column":50}},"10":{"start":{"line":30,"column":4},"end":{"line":32,"column":6}},"11":{"start":{"line":33,"column":4},"end":{"line":36,"column":6}},"12":{"start":{"line":37,"column":4},"end":{"line":37,"column":68}},"13":{"start":{"line":38,"column":4},"end":{"line":38,"column":76}},"14":{"start":{"line":39,"column":4},"end":{"line":39,"column":53}},"15":{"start":{"line":40,"column":4},"end":{"line":40,"column":53}},"16":{"start":{"line":41,"column":4},"end":{"line":41,"column":49}},"17":{"start":{"line":42,"column":4},"end":{"line":42,"column":53}},"18":{"start":{"line":46,"column":4},"end":{"line":48,"column":6}},"19":{"start":{"line":49,"column":4},"end":{"line":51,"column":6}},"20":{"start":{"line":52,"column":4},"end":{"line":52,"column":68}},"21":{"start":{"line":53,"column":4},"end":{"line":56,"column":6}},"22":{"start":{"line":57,"column":4},"end":{"line":57,"column":66}},"23":{"start":{"line":58,"column":4},"end":{"line":60,"column":6}},"24":{"start":{"line":61,"column":4},"end":{"line":63,"column":6}},"25":{"start":{"line":67,"column":4},"end":{"line":67,"column":55}},"26":{"start":{"line":68,"column":4},"end":{"line":68,"column":56}},"27":{"start":{"line":68,"column":20},"end":{"line":68,"column":56}},"28":{"start":{"line":70,"column":4},"end":{"line":75,"column":6}},"29":{"start":{"line":76,"column":4},"end":{"line":76,"column":41}},"30":{"start":{"line":77,"column":4},"end":{"line":79,"column":6}},"31":{"start":{"line":80,"column":4},"end":{"line":80,"column":41}},"32":{"start":{"line":81,"column":4},"end":{"line":81,"column":71}},"33":{"start":{"line":86,"column":28},"end":{"line":86,"column":46}}},"fnMap":{"0":{"name":"(anonymous_0)","decl":{"start":{"line":4,"column":2},"end":{"line":4,"column":3}},"loc":{"start":{"line":4,"column":34},"end":{"line":6,"column":3}},"line":4},"1":{"name":"(anonymous_1)","decl":{"start":{"line":8,"column":2},"end":{"line":8,"column":3}},"loc":{"start":{"line":8,"column":33},"end":{"line":15,"column":3}},"line":8},"2":{"name":"(anonymous_2)","decl":{"start":{"line":17,"column":2},"end":{"line":17,"column":3}},"loc":{"start":{"line":17,"column":16},"end":{"line":23,"column":3}},"line":17},"3":{"name":"(anonymous_3)","decl":{"start":{"line":25,"column":2},"end":{"line":25,"column":3}},"loc":{"start":{"line":25,"column":31},"end":{"line":27,"column":3}},"line":25},"4":{"name":"(anonymous_4)","decl":{"start":{"line":29,"column":2},"end":{"line":29,"column":3}},"loc":{"start":{"line":29,"column":24},"end":{"line":43,"column":3}},"line":29},"5":{"name":"(anonymous_5)","decl":{"start":{"line":45,"column":2},"end":{"line":45,"column":3}},"loc":{"start":{"line":45,"column":21},"end":{"line":64,"column":3}},"line":45},"6":{"name":"(anonymous_6)","decl":{"start":{"line":66,"column":2},"end":{"line":66,"column":3}},"loc":{"start":{"line":66,"column":16},"end":{"line":83,"column":3}},"line":66}},"branchMap":{"0":{"loc":{"start":{"line":4,"column":14},"end":{"line":4,"column":32}},"type":"default-arg","locations":[{"start":{"line":4,"column":23},"end":{"line":4,"column":32}}],"line":4},"1":{"loc":{"start":{"line":8,"column":17},"end":{"line":8,"column":31}},"type":"default-arg","locations":[{"start":{"line":8,"column":27},"end":{"line":8,"column":31}}],"line":8},"2":{"loc":{"start":{"line":9,"column":4},"end":{"line":13,"column":5}},"type":"if","locations":[{"start":{"line":9,"column":4},"end":{"line":13,"column":5}},{"start":{"line":9,"column":4},"end":{"line":13,"column":5}}],"line":9},"3":{"loc":{"start":{"line":68,"column":4},"end":{"line":68,"column":56}},"type":"if","locations":[{"start":{"line":68,"column":4},"end":{"line":68,"column":56}},{"start":{"line":68,"column":4},"end":{"line":68,"column":56}}],"line":68}},"s":{"0":1,"1":1,"2":1,"3":0,"4":1,"5":1,"6":1,"7":1,"8":1,"9":1,"10":1,"11":1,"12":1,"13":1,"14":1,"15":1,"16":1,"17":1,"18":1,"19":1,"20":1,"21":1,"22":1,"23":1,"24":1,"25":0,"26":0,"27":0,"28":0,"29":0,"30":0,"31":0,"32":0,"33":1},"f":{"0":1,"1":1,"2":1,"3":1,"4":1,"5":1,"6":0},"b":{"0":[1],"1":[1],"2":[1,0],"3":[0,0]},"_coverageSchema":"1a1c01bbd47fc00a2c39e90264f33305004495a9","hash":"d2860cbb9b04f09dec4acb3d86ad831760dab296"}
,"/Users/piotr/Documents/GitHub/sifnode/ui/e2e/pages/MetamaskConnectPage.js": {"path":"/Users/piotr/Documents/GitHub/sifnode/ui/e2e/pages/MetamaskConnectPage.js","statementMap":{"0":{"start":{"line":6,"column":4},"end":{"line":11,"column":6}},"1":{"start":{"line":15,"column":4},"end":{"line":18,"column":6}},"2":{"start":{"line":22,"column":4},"end":{"line":22,"column":46}},"3":{"start":{"line":26,"column":4},"end":{"line":26,"column":49}},"4":{"start":{"line":30,"column":35},"end":{"line":30,"column":60}}},"fnMap":{"0":{"name":"(anonymous_0)","decl":{"start":{"line":5,"column":2},"end":{"line":5,"column":3}},"loc":{"start":{"line":5,"column":16},"end":{"line":12,"column":3}},"line":5},"1":{"name":"(anonymous_1)","decl":{"start":{"line":14,"column":2},"end":{"line":14,"column":3}},"loc":{"start":{"line":14,"column":19},"end":{"line":19,"column":3}},"line":14},"2":{"name":"(anonymous_2)","decl":{"start":{"line":21,"column":2},"end":{"line":21,"column":3}},"loc":{"start":{"line":21,"column":20},"end":{"line":23,"column":3}},"line":21},"3":{"name":"(anonymous_3)","decl":{"start":{"line":25,"column":2},"end":{"line":25,"column":3}},"loc":{"start":{"line":25,"column":23},"end":{"line":27,"column":3}},"line":25}},"branchMap":{},"s":{"0":1,"1":0,"2":0,"3":0,"4":1},"f":{"0":1,"1":0,"2":0,"3":0},"b":{},"_coverageSchema":"1a1c01bbd47fc00a2c39e90264f33305004495a9","hash":"ab1d3db321c59a6e2855b858b17036ebcbe9734a"}
,"/Users/piotr/Documents/GitHub/sifnode/ui/e2e/pages/MetamaskNotificationPage.js": {"path":"/Users/piotr/Documents/GitHub/sifnode/ui/e2e/pages/MetamaskNotificationPage.js","statementMap":{"0":{"start":{"line":7,"column":4},"end":{"line":7,"column":25}},"1":{"start":{"line":8,"column":4},"end":{"line":8,"column":29}},"2":{"start":{"line":12,"column":22},"end":{"line":12,"column":71}},"3":{"start":{"line":14,"column":4},"end":{"line":14,"column":65}},"4":{"start":{"line":15,"column":4},"end":{"line":20,"column":5}},"5":{"start":{"line":16,"column":6},"end":{"line":16,"column":57}},"6":{"start":{"line":17,"column":6},"end":{"line":19,"column":7}},"7":{"start":{"line":18,"column":8},"end":{"line":18,"column":44}},"8":{"start":{"line":21,"column":4},"end":{"line":22,"column":34}},"9":{"start":{"line":21,"column":47},"end":{"line":21,"column":79}},"10":{"start":{"line":22,"column":9},"end":{"line":22,"column":34}},"11":{"start":{"line":26,"column":4},"end":{"line":28,"column":6}},"12":{"start":{"line":32,"column":4},"end":{"line":32,"column":56}},"13":{"start":{"line":36,"column":4},"end":{"line":39,"column":6}},"14":{"start":{"line":43,"column":41},"end":{"line":43,"column":72}}},"fnMap":{"0":{"name":"(anonymous_0)","decl":{"start":{"line":6,"column":2},"end":{"line":6,"column":3}},"loc":{"start":{"line":6,"column":34},"end":{"line":9,"column":3}},"line":6},"1":{"name":"(anonymous_1)","decl":{"start":{"line":11,"column":2},"end":{"line":11,"column":3}},"loc":{"start":{"line":11,"column":19},"end":{"line":23,"column":3}},"line":11},"2":{"name":"(anonymous_2)","decl":{"start":{"line":25,"column":2},"end":{"line":25,"column":3}},"loc":{"start":{"line":25,"column":42},"end":{"line":29,"column":3}},"line":25},"3":{"name":"(anonymous_3)","decl":{"start":{"line":31,"column":2},"end":{"line":31,"column":3}},"loc":{"start":{"line":31,"column":23},"end":{"line":33,"column":3}},"line":31},"4":{"name":"(anonymous_4)","decl":{"start":{"line":35,"column":2},"end":{"line":35,"column":3}},"loc":{"start":{"line":35,"column":47},"end":{"line":40,"column":3}},"line":35}},"branchMap":{"0":{"loc":{"start":{"line":6,"column":14},"end":{"line":6,"column":32}},"type":"default-arg","locations":[{"start":{"line":6,"column":23},"end":{"line":6,"column":32}}],"line":6},"1":{"loc":{"start":{"line":15,"column":4},"end":{"line":20,"column":5}},"type":"if","locations":[{"start":{"line":15,"column":4},"end":{"line":20,"column":5}},{"start":{"line":15,"column":4},"end":{"line":20,"column":5}}],"line":15},"2":{"loc":{"start":{"line":17,"column":6},"end":{"line":19,"column":7}},"type":"if","locations":[{"start":{"line":17,"column":6},"end":{"line":19,"column":7}},{"start":{"line":17,"column":6},"end":{"line":19,"column":7}}],"line":17},"3":{"loc":{"start":{"line":21,"column":4},"end":{"line":22,"column":34}},"type":"if","locations":[{"start":{"line":21,"column":4},"end":{"line":22,"column":34}},{"start":{"line":21,"column":4},"end":{"line":22,"column":34}}],"line":21}},"s":{"0":1,"1":1,"2":0,"3":0,"4":0,"5":0,"6":0,"7":0,"8":0,"9":0,"10":0,"11":0,"12":0,"13":0,"14":1},"f":{"0":1,"1":0,"2":0,"3":0,"4":0},"b":{"0":[1],"1":[0,0],"2":[0,0],"3":[0,0]},"_coverageSchema":"1a1c01bbd47fc00a2c39e90264f33305004495a9","hash":"477a498fd21a3a7f8ab0ea635c26ba54dc5cbecc"}
,"/Users/piotr/Documents/GitHub/sifnode/ui/e2e/pages/PoolPage.js": {"path":"/Users/piotr/Documents/GitHub/sifnode/ui/e2e/pages/PoolPage.js","statementMap":{"0":{"start":{"line":8,"column":4},"end":{"line":8,"column":12}},"1":{"start":{"line":9,"column":4},"end":{"line":34,"column":6}},"2":{"start":{"line":31,"column":8},"end":{"line":31,"column":60}},"3":{"start":{"line":32,"column":30},"end":{"line":32,"column":69}},"4":{"start":{"line":38,"column":4},"end":{"line":38,"column":79}},"5":{"start":{"line":42,"column":4},"end":{"line":42,"column":49}},"6":{"start":{"line":46,"column":4},"end":{"line":46,"column":45}},"7":{"start":{"line":50,"column":4},"end":{"line":50,"column":45}},"8":{"start":{"line":54,"column":4},"end":{"line":54,"column":48}},"9":{"start":{"line":58,"column":4},"end":{"line":58,"column":48}},"10":{"start":{"line":62,"column":4},"end":{"line":62,"column":56}},"11":{"start":{"line":63,"column":4},"end":{"line":63,"column":78}},"12":{"start":{"line":67,"column":4},"end":{"line":67,"column":56}},"13":{"start":{"line":68,"column":4},"end":{"line":68,"column":78}},"14":{"start":{"line":72,"column":4},"end":{"line":72,"column":42}},"15":{"start":{"line":76,"column":4},"end":{"line":76,"column":68}},"16":{"start":{"line":80,"column":4},"end":{"line":80,"column":55}},"17":{"start":{"line":89,"column":4},"end":{"line":91,"column":6}},"18":{"start":{"line":92,"column":4},"end":{"line":94,"column":6}},"19":{"start":{"line":95,"column":4},"end":{"line":97,"column":6}},"20":{"start":{"line":98,"column":4},"end":{"line":100,"column":6}},"21":{"start":{"line":110,"column":4},"end":{"line":112,"column":6}},"22":{"start":{"line":113,"column":4},"end":{"line":115,"column":6}},"23":{"start":{"line":116,"column":4},"end":{"line":118,"column":6}},"24":{"start":{"line":119,"column":4},"end":{"line":121,"column":6}},"25":{"start":{"line":122,"column":4},"end":{"line":124,"column":6}},"26":{"start":{"line":128,"column":4},"end":{"line":128,"column":44}},"27":{"start":{"line":132,"column":4},"end":{"line":132,"column":63}},"28":{"start":{"line":136,"column":4},"end":{"line":136,"column":60}},"29":{"start":{"line":140,"column":4},"end":{"line":140,"column":56}},"30":{"start":{"line":144,"column":24},"end":{"line":144,"column":38}}},"fnMap":{"0":{"name":"(anonymous_0)","decl":{"start":{"line":7,"column":2},"end":{"line":7,"column":3}},"loc":{"start":{"line":7,"column":16},"end":{"line":35,"column":3}},"line":7},"1":{"name":"(anonymous_1)","decl":{"start":{"line":30,"column":24},"end":{"line":30,"column":25}},"loc":{"start":{"line":31,"column":8},"end":{"line":31,"column":60}},"line":31},"2":{"name":"(anonymous_2)","decl":{"start":{"line":32,"column":19},"end":{"line":32,"column":20}},"loc":{"start":{"line":32,"column":30},"end":{"line":32,"column":69}},"line":32},"3":{"name":"(anonymous_3)","decl":{"start":{"line":37,"column":2},"end":{"line":37,"column":3}},"loc":{"start":{"line":37,"column":19},"end":{"line":39,"column":3}},"line":37},"4":{"name":"(anonymous_4)","decl":{"start":{"line":41,"column":2},"end":{"line":41,"column":3}},"loc":{"start":{"line":41,"column":28},"end":{"line":43,"column":3}},"line":41},"5":{"name":"(anonymous_5)","decl":{"start":{"line":45,"column":2},"end":{"line":45,"column":3}},"loc":{"start":{"line":45,"column":28},"end":{"line":47,"column":3}},"line":45},"6":{"name":"(anonymous_6)","decl":{"start":{"line":49,"column":2},"end":{"line":49,"column":3}},"loc":{"start":{"line":49,"column":28},"end":{"line":51,"column":3}},"line":49},"7":{"name":"(anonymous_7)","decl":{"start":{"line":53,"column":2},"end":{"line":53,"column":3}},"loc":{"start":{"line":53,"column":31},"end":{"line":55,"column":3}},"line":53},"8":{"name":"(anonymous_8)","decl":{"start":{"line":57,"column":2},"end":{"line":57,"column":3}},"loc":{"start":{"line":57,"column":31},"end":{"line":59,"column":3}},"line":57},"9":{"name":"(anonymous_9)","decl":{"start":{"line":61,"column":2},"end":{"line":61,"column":3}},"loc":{"start":{"line":61,"column":41},"end":{"line":64,"column":3}},"line":61},"10":{"name":"(anonymous_10)","decl":{"start":{"line":66,"column":2},"end":{"line":66,"column":3}},"loc":{"start":{"line":66,"column":41},"end":{"line":69,"column":3}},"line":66},"11":{"name":"(anonymous_11)","decl":{"start":{"line":71,"column":2},"end":{"line":71,"column":3}},"loc":{"start":{"line":71,"column":25},"end":{"line":73,"column":3}},"line":71},"12":{"name":"(anonymous_12)","decl":{"start":{"line":75,"column":2},"end":{"line":75,"column":3}},"loc":{"start":{"line":75,"column":51},"end":{"line":77,"column":3}},"line":75},"13":{"name":"(anonymous_13)","decl":{"start":{"line":79,"column":2},"end":{"line":79,"column":3}},"loc":{"start":{"line":79,"column":31},"end":{"line":81,"column":3}},"line":79},"14":{"name":"(anonymous_14)","decl":{"start":{"line":83,"column":2},"end":{"line":83,"column":3}},"loc":{"start":{"line":88,"column":5},"end":{"line":101,"column":3}},"line":88},"15":{"name":"(anonymous_15)","decl":{"start":{"line":103,"column":2},"end":{"line":103,"column":3}},"loc":{"start":{"line":109,"column":5},"end":{"line":125,"column":3}},"line":109},"16":{"name":"(anonymous_16)","decl":{"start":{"line":127,"column":2},"end":{"line":127,"column":3}},"loc":{"start":{"line":127,"column":25},"end":{"line":129,"column":3}},"line":127},"17":{"name":"(anonymous_17)","decl":{"start":{"line":131,"column":2},"end":{"line":131,"column":3}},"loc":{"start":{"line":131,"column":40},"end":{"line":133,"column":3}},"line":131},"18":{"name":"(anonymous_18)","decl":{"start":{"line":135,"column":2},"end":{"line":135,"column":3}},"loc":{"start":{"line":135,"column":34},"end":{"line":137,"column":3}},"line":135},"19":{"name":"(anonymous_19)","decl":{"start":{"line":139,"column":2},"end":{"line":139,"column":3}},"loc":{"start":{"line":139,"column":32},"end":{"line":141,"column":3}},"line":139}},"branchMap":{},"s":{"0":1,"1":1,"2":0,"3":0,"4":0,"5":0,"6":0,"7":0,"8":0,"9":0,"10":0,"11":0,"12":0,"13":0,"14":0,"15":0,"16":0,"17":0,"18":0,"19":0,"20":0,"21":0,"22":0,"23":0,"24":0,"25":0,"26":0,"27":0,"28":0,"29":0,"30":1},"f":{"0":1,"1":0,"2":0,"3":0,"4":0,"5":0,"6":0,"7":0,"8":0,"9":0,"10":0,"11":0,"12":0,"13":0,"14":0,"15":0,"16":0,"17":0,"18":0,"19":0},"b":{},"_coverageSchema":"1a1c01bbd47fc00a2c39e90264f33305004495a9","hash":"6f98c3fb486c653a81fbf3852c5516157e5656b0"}
,"/Users/piotr/Documents/GitHub/sifnode/ui/e2e/pages/SwapPage.js": {"path":"/Users/piotr/Documents/GitHub/sifnode/ui/e2e/pages/SwapPage.js","statementMap":{"0":{"start":{"line":8,"column":4},"end":{"line":8,"column":12}},"1":{"start":{"line":9,"column":4},"end":{"line":16,"column":6}},"2":{"start":{"line":20,"column":4},"end":{"line":20,"column":79}},"3":{"start":{"line":24,"column":4},"end":{"line":24,"column":45}},"4":{"start":{"line":28,"column":4},"end":{"line":28,"column":45}},"5":{"start":{"line":32,"column":4},"end":{"line":32,"column":48}},"6":{"start":{"line":36,"column":4},"end":{"line":36,"column":48}},"7":{"start":{"line":40,"column":4},"end":{"line":40,"column":56}},"8":{"start":{"line":41,"column":4},"end":{"line":41,"column":78}},"9":{"start":{"line":45,"column":4},"end":{"line":45,"column":56}},"10":{"start":{"line":46,"column":4},"end":{"line":46,"column":78}},"11":{"start":{"line":50,"column":4},"end":{"line":50,"column":42}},"12":{"start":{"line":54,"column":4},"end":{"line":54,"column":68}},"13":{"start":{"line":63,"column":4},"end":{"line":65,"column":6}},"14":{"start":{"line":66,"column":4},"end":{"line":68,"column":6}},"15":{"start":{"line":69,"column":4},"end":{"line":71,"column":6}},"16":{"start":{"line":72,"column":4},"end":{"line":74,"column":6}},"17":{"start":{"line":78,"column":4},"end":{"line":78,"column":41}},"18":{"start":{"line":82,"column":24},"end":{"line":82,"column":38}}},"fnMap":{"0":{"name":"(anonymous_0)","decl":{"start":{"line":7,"column":2},"end":{"line":7,"column":3}},"loc":{"start":{"line":7,"column":16},"end":{"line":17,"column":3}},"line":7},"1":{"name":"(anonymous_1)","decl":{"start":{"line":19,"column":2},"end":{"line":19,"column":3}},"loc":{"start":{"line":19,"column":19},"end":{"line":21,"column":3}},"line":19},"2":{"name":"(anonymous_2)","decl":{"start":{"line":23,"column":2},"end":{"line":23,"column":3}},"loc":{"start":{"line":23,"column":28},"end":{"line":25,"column":3}},"line":23},"3":{"name":"(anonymous_3)","decl":{"start":{"line":27,"column":2},"end":{"line":27,"column":3}},"loc":{"start":{"line":27,"column":28},"end":{"line":29,"column":3}},"line":27},"4":{"name":"(anonymous_4)","decl":{"start":{"line":31,"column":2},"end":{"line":31,"column":3}},"loc":{"start":{"line":31,"column":31},"end":{"line":33,"column":3}},"line":31},"5":{"name":"(anonymous_5)","decl":{"start":{"line":35,"column":2},"end":{"line":35,"column":3}},"loc":{"start":{"line":35,"column":31},"end":{"line":37,"column":3}},"line":35},"6":{"name":"(anonymous_6)","decl":{"start":{"line":39,"column":2},"end":{"line":39,"column":3}},"loc":{"start":{"line":39,"column":41},"end":{"line":42,"column":3}},"line":39},"7":{"name":"(anonymous_7)","decl":{"start":{"line":44,"column":2},"end":{"line":44,"column":3}},"loc":{"start":{"line":44,"column":41},"end":{"line":47,"column":3}},"line":44},"8":{"name":"(anonymous_8)","decl":{"start":{"line":49,"column":2},"end":{"line":49,"column":3}},"loc":{"start":{"line":49,"column":25},"end":{"line":51,"column":3}},"line":49},"9":{"name":"(anonymous_9)","decl":{"start":{"line":53,"column":2},"end":{"line":53,"column":3}},"loc":{"start":{"line":53,"column":51},"end":{"line":55,"column":3}},"line":53},"10":{"name":"(anonymous_10)","decl":{"start":{"line":57,"column":2},"end":{"line":57,"column":3}},"loc":{"start":{"line":62,"column":5},"end":{"line":75,"column":3}},"line":62},"11":{"name":"(anonymous_11)","decl":{"start":{"line":77,"column":2},"end":{"line":77,"column":3}},"loc":{"start":{"line":77,"column":20},"end":{"line":79,"column":3}},"line":77}},"branchMap":{},"s":{"0":1,"1":1,"2":0,"3":0,"4":0,"5":0,"6":0,"7":0,"8":0,"9":0,"10":0,"11":0,"12":0,"13":0,"14":0,"15":0,"16":0,"17":0,"18":1},"f":{"0":1,"1":0,"2":0,"3":0,"4":0,"5":0,"6":0,"7":0,"8":0,"9":0,"10":0,"11":0},"b":{},"_coverageSchema":"1a1c01bbd47fc00a2c39e90264f33305004495a9","hash":"7ef9be4c902228353df1340f3ed78ae59a17371d"}
,"/Users/piotr/Documents/GitHub/sifnode/ui/e2e/pages/components/DexHeader.js": {"path":"/Users/piotr/Documents/GitHub/sifnode/ui/e2e/pages/components/DexHeader.js","statementMap":{"0":{"start":{"line":3,"column":4},"end":{"line":5,"column":6}},"1":{"start":{"line":9,"column":4},"end":{"line":9,"column":44}},"2":{"start":{"line":13,"column":25},"end":{"line":13,"column":40}}},"fnMap":{"0":{"name":"(anonymous_0)","decl":{"start":{"line":2,"column":2},"end":{"line":2,"column":3}},"loc":{"start":{"line":2,"column":16},"end":{"line":6,"column":3}},"line":2},"1":{"name":"(anonymous_1)","decl":{"start":{"line":8,"column":2},"end":{"line":8,"column":3}},"loc":{"start":{"line":8,"column":25},"end":{"line":10,"column":3}},"line":8}},"branchMap":{},"s":{"0":1,"1":0,"2":1},"f":{"0":1,"1":0},"b":{},"_coverageSchema":"1a1c01bbd47fc00a2c39e90264f33305004495a9","hash":"43910fe70608c2c76fba52795f5502fff72aa01c"}
,"/Users/piotr/Documents/GitHub/sifnode/ui/e2e/pages/components/TokenSelection.js": {"path":"/Users/piotr/Documents/GitHub/sifnode/ui/e2e/pages/components/TokenSelection.js","statementMap":{"0":{"start":{"line":5,"column":4},"end":{"line":5,"column":12}},"1":{"start":{"line":6,"column":4},"end":{"line":12,"column":6}},"2":{"start":{"line":7,"column":30},"end":{"line":7,"column":70}},"3":{"start":{"line":8,"column":29},"end":{"line":8,"column":72}},"4":{"start":{"line":9,"column":26},"end":{"line":9,"column":61}},"5":{"start":{"line":10,"column":30},"end":{"line":10,"column":70}},"6":{"start":{"line":11,"column":36},"end":{"line":11,"column":76}},"7":{"start":{"line":16,"column":4},"end":{"line":16,"column":49}},"8":{"start":{"line":17,"column":4},"end":{"line":17,"column":49}},"9":{"start":{"line":21,"column":4},"end":{"line":21,"column":49}},"10":{"start":{"line":22,"column":4},"end":{"line":22,"column":49}},"11":{"start":{"line":26,"column":4},"end":{"line":26,"column":52}},"12":{"start":{"line":30,"column":4},"end":{"line":30,"column":52}},"13":{"start":{"line":34,"column":4},"end":{"line":34,"column":61}},"14":{"start":{"line":38,"column":4},"end":{"line":38,"column":61}},"15":{"start":{"line":42,"column":4},"end":{"line":42,"column":50}},"16":{"start":{"line":46,"column":4},"end":{"line":48,"column":6}},"17":{"start":{"line":52,"column":30},"end":{"line":52,"column":50}}},"fnMap":{"0":{"name":"(anonymous_0)","decl":{"start":{"line":4,"column":2},"end":{"line":4,"column":3}},"loc":{"start":{"line":4,"column":16},"end":{"line":13,"column":3}},"line":4},"1":{"name":"(anonymous_1)","decl":{"start":{"line":7,"column":19},"end":{"line":7,"column":20}},"loc":{"start":{"line":7,"column":30},"end":{"line":7,"column":70}},"line":7},"2":{"name":"(anonymous_2)","decl":{"start":{"line":8,"column":21},"end":{"line":8,"column":22}},"loc":{"start":{"line":8,"column":29},"end":{"line":8,"column":72}},"line":8},"3":{"name":"(anonymous_3)","decl":{"start":{"line":9,"column":18},"end":{"line":9,"column":19}},"loc":{"start":{"line":9,"column":26},"end":{"line":9,"column":61}},"line":9},"4":{"name":"(anonymous_4)","decl":{"start":{"line":10,"column":22},"end":{"line":10,"column":23}},"loc":{"start":{"line":10,"column":30},"end":{"line":10,"column":70}},"line":10},"5":{"name":"(anonymous_5)","decl":{"start":{"line":11,"column":25},"end":{"line":11,"column":26}},"loc":{"start":{"line":11,"column":36},"end":{"line":11,"column":76}},"line":11},"6":{"name":"(anonymous_6)","decl":{"start":{"line":15,"column":2},"end":{"line":15,"column":3}},"loc":{"start":{"line":15,"column":28},"end":{"line":18,"column":3}},"line":15},"7":{"name":"(anonymous_7)","decl":{"start":{"line":20,"column":2},"end":{"line":20,"column":3}},"loc":{"start":{"line":20,"column":28},"end":{"line":23,"column":3}},"line":20},"8":{"name":"(anonymous_8)","decl":{"start":{"line":25,"column":2},"end":{"line":25,"column":3}},"loc":{"start":{"line":25,"column":31},"end":{"line":27,"column":3}},"line":25},"9":{"name":"(anonymous_9)","decl":{"start":{"line":29,"column":2},"end":{"line":29,"column":3}},"loc":{"start":{"line":29,"column":31},"end":{"line":31,"column":3}},"line":29},"10":{"name":"(anonymous_10)","decl":{"start":{"line":33,"column":2},"end":{"line":33,"column":3}},"loc":{"start":{"line":33,"column":25},"end":{"line":35,"column":3}},"line":33},"11":{"name":"(anonymous_11)","decl":{"start":{"line":37,"column":2},"end":{"line":37,"column":3}},"loc":{"start":{"line":37,"column":25},"end":{"line":39,"column":3}},"line":37},"12":{"name":"(anonymous_12)","decl":{"start":{"line":41,"column":2},"end":{"line":41,"column":3}},"loc":{"start":{"line":41,"column":25},"end":{"line":43,"column":3}},"line":41},"13":{"name":"(anonymous_13)","decl":{"start":{"line":45,"column":2},"end":{"line":45,"column":3}},"loc":{"start":{"line":45,"column":51},"end":{"line":49,"column":3}},"line":45}},"branchMap":{},"s":{"0":1,"1":1,"2":0,"3":0,"4":0,"5":0,"6":0,"7":0,"8":0,"9":0,"10":0,"11":0,"12":0,"13":0,"14":0,"15":0,"16":0,"17":1},"f":{"0":1,"1":0,"2":0,"3":0,"4":0,"5":0,"6":0,"7":0,"8":0,"9":0,"10":0,"11":0,"12":0,"13":0},"b":{},"_coverageSchema":"1a1c01bbd47fc00a2c39e90264f33305004495a9","hash":"85378eb43033d5fde2ee920b6695d1a76f7617a5"}
}
