TN:
SF:config.js
FN:8,(anonymous_0)
FN:22,(anonymous_1)
FNF:2
FNH:2
FNDA:1,(anonymous_0)
FNDA:1,(anonymous_1)
DA:1,1
DA:5,1
DA:9,1
DA:19,1
DA:23,1
LF:5
LH:5
BRDA:1,0,0,0
BRDA:1,0,1,1
BRF:2
BRH:1
end_of_record
TN:
SF:ethereum.js
FN:6,getEthBalance
FN:12,advanceEthBlocks
FNF:2
FNH:0
FNDA:0,getEthBalance
FNDA:0,advanceEthBlocks
DA:2,1
DA:7,0
DA:8,0
DA:9,0
DA:13,0
LF:5
LH:1
BRF:0
BRH:0
end_of_record
TN:
SF:helpers.js
FN:10,connectKeplrAccount
FN:23,reconnectKeplrAccount
FN:30,connectMetaMaskAccount
FNF:3
FNH:1
FNDA:1,connectKeplrAccount
FNDA:0,reconnectKeplrAccount
FNDA:0,connectMetaMaskAccount
DA:13,1
DA:14,1
DA:16,0
DA:17,0
DA:20,0
DA:24,0
DA:25,0
DA:26,0
DA:27,0
DA:31,0
DA:32,0
DA:33,0
DA:35,0
DA:36,0
DA:37,0
DA:38,0
DA:39,0
LF:17
LH:2
BRDA:27,0,0,0
BRDA:27,0,1,0
BRF:2
BRH:0
end_of_record
TN:
SF:sifchain.js
FN:5,getSifchainBalances
FN:7,(anonymous_1)
FN:10,(anonymous_2)
FN:21,(anonymous_3)
FNF:4
FNH:0
FNDA:0,getSifchainBalances
FNDA:0,(anonymous_1)
FNDA:0,(anonymous_2)
FNDA:0,(anonymous_3)
DA:1,1
DA:3,1
DA:6,0
DA:8,0
DA:11,0
DA:13,0
DA:14,0
DA:15,0
DA:16,0
DA:19,0
DA:22,0
LF:11
LH:2
BRDA:14,0,0,0
BRDA:14,0,1,0
BRF:2
BRH:0
end_of_record
TN:
SF:pages/BalancesPage.js
FN:6,(anonymous_0)
FN:8,(anonymous_1)
FN:12,(anonymous_2)
FN:18,(anonymous_3)
FN:27,(anonymous_4)
FN:48,(anonymous_5)
FN:55,(anonymous_6)
FN:59,(anonymous_7)
FN:72,(anonymous_8)
FN:77,(anonymous_9)
FNF:10
FNH:2
FNDA:1,(anonymous_0)
FNDA:0,(anonymous_1)
FNDA:1,(anonymous_2)
FNDA:0,(anonymous_3)
FNDA:0,(anonymous_4)
FNDA:0,(anonymous_5)
FNDA:0,(anonymous_6)
FNDA:0,(anonymous_7)
FNDA:0,(anonymous_8)
FNDA:0,(anonymous_9)
DA:7,1
DA:8,0
DA:13,1
DA:19,0
DA:20,0
DA:22,0
DA:28,0
DA:29,0
DA:30,0
DA:31,0
DA:33,0
DA:38,0
DA:43,0
DA:44,0
DA:45,0
DA:49,0
DA:50,0
DA:51,0
DA:52,0
DA:56,0
DA:69,0
DA:73,0
DA:74,0
DA:78,0
DA:84,1
LF:25
LH:3
BRDA:19,0,0,0
BRDA:19,0,1,0
BRF:2
BRH:0
end_of_record
TN:
SF:pages/ConfirmSupplyModal.js
FN:2,(anonymous_0)
FN:5,(anonymous_1)
FN:6,(anonymous_2)
FN:17,(anonymous_3)
FN:21,(anonymous_4)
FN:25,(anonymous_5)
FN:29,(anonymous_6)
FN:33,(anonymous_7)
FN:37,(anonymous_8)
FN:41,(anonymous_9)
FN:45,(anonymous_10)
FN:49,(anonymous_11)
FNF:12
FNH:1
FNDA:1,(anonymous_0)
FNDA:0,(anonymous_1)
FNDA:0,(anonymous_2)
FNDA:0,(anonymous_3)
FNDA:0,(anonymous_4)
FNDA:0,(anonymous_5)
FNDA:0,(anonymous_6)
FNDA:0,(anonymous_7)
FNDA:0,(anonymous_8)
FNDA:0,(anonymous_9)
FNDA:0,(anonymous_10)
FNDA:0,(anonymous_11)
DA:3,1
DA:5,0
DA:7,0
DA:18,0
DA:22,0
DA:26,0
DA:30,0
DA:34,0
DA:38,0
DA:42,0
DA:46,0
DA:50,0
DA:54,1
LF:13
LH:2
BRF:0
BRH:0
end_of_record
TN:
SF:pages/ConfirmSwapModal.js
FN:4,(anonymous_0)
FN:7,(anonymous_1)
FN:9,(anonymous_2)
FN:22,(anonymous_3)
FN:52,(anonymous_4)
FN:56,(anonymous_5)
FN:60,(anonymous_6)
FN:64,(anonymous_7)
FN:68,(anonymous_8)
FN:72,(anonymous_9)
FN:76,(anonymous_10)
FNF:11
FNH:1
FNDA:1,(anonymous_0)
FNDA:0,(anonymous_1)
FNDA:0,(anonymous_2)
FNDA:0,(anonymous_3)
FNDA:0,(anonymous_4)
FNDA:0,(anonymous_5)
FNDA:0,(anonymous_6)
FNDA:0,(anonymous_7)
FNDA:0,(anonymous_8)
FNDA:0,(anonymous_9)
FNDA:0,(anonymous_10)
DA:1,1
DA:5,1
DA:6,1
DA:8,0
DA:10,0
DA:32,0
DA:35,0
DA:38,0
DA:41,0
DA:44,0
DA:47,0
DA:53,0
DA:57,0
DA:61,0
DA:65,0
DA:69,0
DA:73,0
DA:77,0
DA:81,1
LF:19
LH:4
BRF:0
BRH:0
end_of_record
TN:
SF:pages/ConnectPopup.js
FN:4,(anonymous_0)
FN:11,(anonymous_1)
FN:15,(anonymous_2)
FN:19,(anonymous_3)
FN:23,(anonymous_4)
FN:27,(anonymous_5)
FN:31,(anonymous_6)
FN:39,(anonymous_7)
FNF:8
FNH:1
FNDA:1,(anonymous_0)
FNDA:0,(anonymous_1)
FNDA:0,(anonymous_2)
FNDA:0,(anonymous_3)
FNDA:0,(anonymous_4)
FNDA:0,(anonymous_5)
FNDA:0,(anonymous_6)
FNDA:0,(anonymous_7)
DA:5,1
DA:12,0
DA:16,0
DA:20,0
DA:24,0
DA:28,0
DA:32,0
DA:40,0
DA:44,1
LF:9
LH:2
BRF:0
BRH:0
end_of_record
TN:
SF:pages/GenericPage.js
FN:2,(anonymous_0)
FN:3,(anonymous_1)
FN:4,(anonymous_2)
FNF:3
FNH:1
FNDA:3,(anonymous_0)
FNDA:0,(anonymous_1)
FNDA:0,(anonymous_2)
DA:4,0
LF:1
LH:0
BRF:0
BRH:0
end_of_record
TN:
SF:pages/KeplrNotificationPopup.js
FN:6,(anonymous_0)
FN:10,(anonymous_1)
FN:26,(anonymous_2)
FNF:3
FNH:3
FNDA:1,(anonymous_0)
FNDA:1,(anonymous_1)
FNDA:1,(anonymous_2)
DA:7,1
DA:13,1
DA:27,1
DA:31,1
LF:4
LH:4
BRDA:6,0,0,1
BRDA:10,1,0,0
BRF:2
BRH:1
end_of_record
TN:
SF:pages/KeplrPage.js
FN:5,(anonymous_0)
FN:9,(anonymous_1)
FN:14,(anonymous_2)
FN:23,(anonymous_3)
FNF:4
FNH:4
FNDA:1,(anonymous_0)
FNDA:1,(anonymous_1)
FNDA:1,(anonymous_2)
FNDA:1,(anonymous_3)
DA:6,1
DA:10,1
DA:11,1
DA:15,1
DA:16,1
DA:18,0
DA:20,1
DA:24,1
DA:27,1
DA:28,1
DA:32,1
DA:33,1
DA:34,1
DA:35,1
DA:36,1
DA:41,1
LF:16
LH:15
BRDA:5,0,0,1
BRDA:14,1,0,1
BRDA:15,2,0,1
BRDA:15,2,1,0
BRF:4
BRH:3
end_of_record
TN:
SF:pages/MetaMaskPage.js
FN:4,(anonymous_0)
FN:8,(anonymous_1)
FN:17,(anonymous_2)
FN:25,(anonymous_3)
FN:29,(anonymous_4)
FN:45,(anonymous_5)
FN:66,(anonymous_6)
FNF:7
FNH:6
FNDA:1,(anonymous_0)
FNDA:1,(anonymous_1)
FNDA:1,(anonymous_2)
FNDA:1,(anonymous_3)
FNDA:1,(anonymous_4)
FNDA:1,(anonymous_5)
FNDA:0,(anonymous_6)
DA:5,1
DA:9,1
DA:10,1
DA:12,0
DA:14,1
DA:18,1
DA:19,1
DA:20,1
DA:21,1
DA:26,1
DA:30,1
DA:33,1
DA:37,1
DA:38,1
DA:39,1
DA:40,1
DA:41,1
DA:42,1
DA:46,1
DA:49,1
DA:52,1
DA:53,1
DA:57,1
DA:58,1
DA:61,1
DA:67,0
DA:68,0
DA:70,0
DA:76,0
DA:77,0
DA:80,0
DA:81,0
DA:86,1
LF:33
LH:25
BRDA:4,0,0,1
BRDA:8,1,0,1
BRDA:9,2,0,1
BRDA:9,2,1,0
BRDA:68,3,0,0
BRDA:68,3,1,0
BRF:6
BRH:3
end_of_record
TN:
SF:pages/MetamaskConnectPage.js
FN:5,(anonymous_0)
FN:14,(anonymous_1)
FN:21,(anonymous_2)
FN:25,(anonymous_3)
FNF:4
FNH:1
FNDA:1,(anonymous_0)
FNDA:0,(anonymous_1)
FNDA:0,(anonymous_2)
FNDA:0,(anonymous_3)
DA:6,1
DA:15,0
DA:22,0
DA:26,0
DA:30,1
LF:5
LH:2
BRF:0
BRH:0
end_of_record
TN:
SF:pages/MetamaskNotificationPage.js
FN:6,(anonymous_0)
FN:11,(anonymous_1)
FN:25,(anonymous_2)
FN:31,(anonymous_3)
FN:35,(anonymous_4)
FNF:5
FNH:1
FNDA:1,(anonymous_0)
FNDA:0,(anonymous_1)
FNDA:0,(anonymous_2)
FNDA:0,(anonymous_3)
FNDA:0,(anonymous_4)
DA:7,1
DA:8,1
DA:12,0
DA:14,0
DA:15,0
DA:16,0
DA:17,0
DA:18,0
DA:21,0
DA:22,0
DA:26,0
DA:32,0
DA:36,0
DA:43,1
LF:14
LH:3
BRDA:6,0,0,1
BRDA:15,1,0,0
BRDA:15,1,1,0
BRDA:17,2,0,0
BRDA:17,2,1,0
BRDA:21,3,0,0
BRDA:21,3,1,0
BRF:7
BRH:1
end_of_record
TN:
SF:pages/PoolPage.js
FN:7,(anonymous_0)
FN:30,(anonymous_1)
FN:32,(anonymous_2)
FN:37,(anonymous_3)
FN:41,(anonymous_4)
FN:45,(anonymous_5)
FN:49,(anonymous_6)
FN:53,(anonymous_7)
FN:57,(anonymous_8)
FN:61,(anonymous_9)
FN:66,(anonymous_10)
FN:71,(anonymous_11)
FN:75,(anonymous_12)
FN:79,(anonymous_13)
FN:83,(anonymous_14)
FN:103,(anonymous_15)
FN:127,(anonymous_16)
FN:131,(anonymous_17)
FN:135,(anonymous_18)
FN:139,(anonymous_19)
FNF:20
FNH:1
FNDA:1,(anonymous_0)
FNDA:0,(anonymous_1)
FNDA:0,(anonymous_2)
FNDA:0,(anonymous_3)
FNDA:0,(anonymous_4)
FNDA:0,(anonymous_5)
FNDA:0,(anonymous_6)
FNDA:0,(anonymous_7)
FNDA:0,(anonymous_8)
FNDA:0,(anonymous_9)
FNDA:0,(anonymous_10)
FNDA:0,(anonymous_11)
FNDA:0,(anonymous_12)
FNDA:0,(anonymous_13)
FNDA:0,(anonymous_14)
FNDA:0,(anonymous_15)
FNDA:0,(anonymous_16)
FNDA:0,(anonymous_17)
FNDA:0,(anonymous_18)
FNDA:0,(anonymous_19)
DA:8,1
DA:9,1
DA:31,0
DA:32,0
DA:38,0
DA:42,0
DA:46,0
DA:50,0
DA:54,0
DA:58,0
DA:62,0
DA:63,0
DA:67,0
DA:68,0
DA:72,0
DA:76,0
DA:80,0
DA:89,0
DA:92,0
DA:95,0
DA:98,0
DA:110,0
DA:113,0
DA:116,0
DA:119,0
DA:122,0
DA:128,0
DA:132,0
DA:136,0
DA:140,0
DA:144,1
LF:31
LH:3
BRF:0
BRH:0
end_of_record
TN:
SF:pages/SwapPage.js
FN:7,(anonymous_0)
FN:19,(anonymous_1)
FN:23,(anonymous_2)
FN:27,(anonymous_3)
FN:31,(anonymous_4)
FN:35,(anonymous_5)
FN:39,(anonymous_6)
FN:44,(anonymous_7)
FN:49,(anonymous_8)
FN:53,(anonymous_9)
FN:57,(anonymous_10)
FN:77,(anonymous_11)
FNF:12
FNH:1
FNDA:1,(anonymous_0)
FNDA:0,(anonymous_1)
FNDA:0,(anonymous_2)
FNDA:0,(anonymous_3)
FNDA:0,(anonymous_4)
FNDA:0,(anonymous_5)
FNDA:0,(anonymous_6)
FNDA:0,(anonymous_7)
FNDA:0,(anonymous_8)
FNDA:0,(anonymous_9)
FNDA:0,(anonymous_10)
FNDA:0,(anonymous_11)
DA:8,1
DA:9,1
DA:20,0
DA:24,0
DA:28,0
DA:32,0
DA:36,0
DA:40,0
DA:41,0
DA:45,0
DA:46,0
DA:50,0
DA:54,0
DA:63,0
DA:66,0
DA:69,0
DA:72,0
DA:78,0
DA:82,1
LF:19
LH:3
BRF:0
BRH:0
end_of_record
TN:
SF:pages/components/DexHeader.js
FN:2,(anonymous_0)
FN:8,(anonymous_1)
FNF:2
FNH:1
FNDA:1,(anonymous_0)
FNDA:0,(anonymous_1)
DA:3,1
DA:9,0
DA:13,1
LF:3
LH:2
BRF:0
BRH:0
end_of_record
TN:
SF:pages/components/TokenSelection.js
FN:4,(anonymous_0)
FN:7,(anonymous_1)
FN:8,(anonymous_2)
FN:9,(anonymous_3)
FN:10,(anonymous_4)
FN:11,(anonymous_5)
FN:15,(anonymous_6)
FN:20,(anonymous_7)
FN:25,(anonymous_8)
FN:29,(anonymous_9)
FN:33,(anonymous_10)
FN:37,(anonymous_11)
FN:41,(anonymous_12)
FN:45,(anonymous_13)
FNF:14
FNH:1
FNDA:1,(anonymous_0)
FNDA:0,(anonymous_1)
FNDA:0,(anonymous_2)
FNDA:0,(anonymous_3)
FNDA:0,(anonymous_4)
FNDA:0,(anonymous_5)
FNDA:0,(anonymous_6)
FNDA:0,(anonymous_7)
FNDA:0,(anonymous_8)
FNDA:0,(anonymous_9)
FNDA:0,(anonymous_10)
FNDA:0,(anonymous_11)
FNDA:0,(anonymous_12)
FNDA:0,(anonymous_13)
DA:5,1
DA:6,1
DA:7,0
DA:8,0
DA:9,0
DA:10,0
DA:11,0
DA:16,0
DA:17,0
DA:21,0
DA:22,0
DA:26,0
DA:30,0
DA:34,0
DA:38,0
DA:42,0
DA:46,0
DA:52,1
LF:18
LH:3
BRF:0
BRH:0
end_of_record
