mode: atomic
github.com/Sifchain/sifnode/x/clp/keeper/querier.go:12.44,13.93 1 6
github.com/Sifchain/sifnode/x/clp/keeper/querier.go:13.93,14.18 1 9
github.com/Sifchain/sifnode/x/clp/keeper/querier.go:15.24,16.38 1 3
github.com/Sifchain/sifnode/x/clp/keeper/querier.go:17.25,18.34 1 2
github.com/Sifchain/sifnode/x/clp/keeper/querier.go:19.37,20.51 1 3
github.com/Sifchain/sifnode/x/clp/keeper/querier.go:21.11,22.89 1 1
github.com/Sifchain/sifnode/x/clp/keeper/querier.go:27.87,31.16 3 3
github.com/Sifchain/sifnode/x/clp/keeper/querier.go:34.2,35.16 2 2
github.com/Sifchain/sifnode/x/clp/keeper/querier.go:38.2,39.16 2 1
github.com/Sifchain/sifnode/x/clp/keeper/querier.go:42.2,42.17 1 1
github.com/Sifchain/sifnode/x/clp/keeper/querier.go:31.16,33.3 1 1
github.com/Sifchain/sifnode/x/clp/keeper/querier.go:35.16,37.3 1 1
github.com/Sifchain/sifnode/x/clp/keeper/querier.go:39.16,41.3 1 0
github.com/Sifchain/sifnode/x/clp/keeper/querier.go:44.65,46.24 2 2
github.com/Sifchain/sifnode/x/clp/keeper/querier.go:49.2,50.16 2 1
github.com/Sifchain/sifnode/x/clp/keeper/querier.go:53.2,53.17 1 1
github.com/Sifchain/sifnode/x/clp/keeper/querier.go:46.24,48.3 1 1
github.com/Sifchain/sifnode/x/clp/keeper/querier.go:50.16,52.3 1 0
github.com/Sifchain/sifnode/x/clp/keeper/querier.go:55.100,59.16 3 3
github.com/Sifchain/sifnode/x/clp/keeper/querier.go:62.2,63.16 2 2
github.com/Sifchain/sifnode/x/clp/keeper/querier.go:66.2,67.16 2 1
github.com/Sifchain/sifnode/x/clp/keeper/querier.go:70.2,70.17 1 1
github.com/Sifchain/sifnode/x/clp/keeper/querier.go:59.16,61.3 1 1
github.com/Sifchain/sifnode/x/clp/keeper/querier.go:63.16,65.3 1 1
github.com/Sifchain/sifnode/x/clp/keeper/querier.go:67.16,69.3 1 0
github.com/Sifchain/sifnode/x/clp/keeper/test_common.go:56.35,67.2 9 12
github.com/Sifchain/sifnode/x/clp/keeper/test_common.go:71.23,74.2 2 12
github.com/Sifchain/sifnode/x/clp/keeper/test_common.go:76.99,133.33 43 12
github.com/Sifchain/sifnode/x/clp/keeper/test_common.go:138.2,138.20 1 12
github.com/Sifchain/sifnode/x/clp/keeper/test_common.go:133.33,136.3 2 72
github.com/Sifchain/sifnode/x/clp/keeper/test_common.go:141.57,145.37 4 14
github.com/Sifchain/sifnode/x/clp/keeper/test_common.go:155.2,155.17 1 14
github.com/Sifchain/sifnode/x/clp/keeper/test_common.go:145.37,150.17 4 68
github.com/Sifchain/sifnode/x/clp/keeper/test_common.go:153.3,153.36 1 68
github.com/Sifchain/sifnode/x/clp/keeper/test_common.go:150.17,152.4 1 0
github.com/Sifchain/sifnode/x/clp/keeper/test_common.go:158.65,162.34 4 8
github.com/Sifchain/sifnode/x/clp/keeper/test_common.go:168.2,168.15 1 8
github.com/Sifchain/sifnode/x/clp/keeper/test_common.go:162.34,167.3 4 8
github.com/Sifchain/sifnode/x/clp/keeper/test_common.go:171.39,180.16 8 0
github.com/Sifchain/sifnode/x/clp/keeper/test_common.go:184.2,185.26 2 0
github.com/Sifchain/sifnode/x/clp/keeper/test_common.go:189.2,190.16 2 0
github.com/Sifchain/sifnode/x/clp/keeper/test_common.go:193.2,193.32 1 0
github.com/Sifchain/sifnode/x/clp/keeper/test_common.go:196.2,196.12 1 0
github.com/Sifchain/sifnode/x/clp/keeper/test_common.go:180.16,181.13 1 0
github.com/Sifchain/sifnode/x/clp/keeper/test_common.go:185.26,186.49 1 0
github.com/Sifchain/sifnode/x/clp/keeper/test_common.go:190.16,191.13 1 0
github.com/Sifchain/sifnode/x/clp/keeper/test_common.go:193.32,194.50 1 0
github.com/Sifchain/sifnode/x/clp/keeper/keeper.go:21.116,29.2 2 12
github.com/Sifchain/sifnode/x/clp/keeper/keeper.go:32.52,34.2 1 1
github.com/Sifchain/sifnode/x/clp/keeper/keeper.go:36.65,37.22 1 68
github.com/Sifchain/sifnode/x/clp/keeper/keeper.go:40.2,42.16 3 67
github.com/Sifchain/sifnode/x/clp/keeper/keeper.go:45.2,46.12 2 67
github.com/Sifchain/sifnode/x/clp/keeper/keeper.go:37.22,39.3 1 1
github.com/Sifchain/sifnode/x/clp/keeper/keeper.go:42.16,44.3 1 0
github.com/Sifchain/sifnode/x/clp/keeper/keeper.go:48.77,52.16 4 5
github.com/Sifchain/sifnode/x/clp/keeper/keeper.go:55.2,55.25 1 5
github.com/Sifchain/sifnode/x/clp/keeper/keeper.go:58.2,60.18 3 3
github.com/Sifchain/sifnode/x/clp/keeper/keeper.go:52.16,54.3 1 0
github.com/Sifchain/sifnode/x/clp/keeper/keeper.go:55.25,57.3 1 2
github.com/Sifchain/sifnode/x/clp/keeper/keeper.go:63.55,67.42 4 4
github.com/Sifchain/sifnode/x/clp/keeper/keeper.go:73.2,73.17 1 4
github.com/Sifchain/sifnode/x/clp/keeper/keeper.go:67.42,72.3 4 12
github.com/Sifchain/sifnode/x/clp/keeper/keeper.go:76.67,79.16 3 3
github.com/Sifchain/sifnode/x/clp/keeper/keeper.go:82.2,82.25 1 3
github.com/Sifchain/sifnode/x/clp/keeper/keeper.go:85.2,86.12 2 2
github.com/Sifchain/sifnode/x/clp/keeper/keeper.go:79.16,81.3 1 0
github.com/Sifchain/sifnode/x/clp/keeper/keeper.go:82.25,84.3 1 1
github.com/Sifchain/sifnode/x/clp/keeper/keeper.go:89.64,92.2 2 4
github.com/Sifchain/sifnode/x/clp/keeper/keeper.go:94.83,95.20 1 8
github.com/Sifchain/sifnode/x/clp/keeper/keeper.go:98.2,100.49 3 7
github.com/Sifchain/sifnode/x/clp/keeper/keeper.go:95.20,97.3 1 1
github.com/Sifchain/sifnode/x/clp/keeper/keeper.go:103.121,107.25 4 6
github.com/Sifchain/sifnode/x/clp/keeper/keeper.go:110.2,112.16 3 3
github.com/Sifchain/sifnode/x/clp/keeper/keeper.go:107.25,109.3 1 3
github.com/Sifchain/sifnode/x/clp/keeper/keeper.go:115.92,117.25 2 2
github.com/Sifchain/sifnode/x/clp/keeper/keeper.go:120.2,121.19 2 1
github.com/Sifchain/sifnode/x/clp/keeper/keeper.go:117.25,119.3 1 1
github.com/Sifchain/sifnode/x/clp/keeper/keeper.go:124.108,128.42 4 0
github.com/Sifchain/sifnode/x/clp/keeper/keeper.go:136.2,136.15 1 0
github.com/Sifchain/sifnode/x/clp/keeper/keeper.go:128.42,132.24 4 0
github.com/Sifchain/sifnode/x/clp/keeper/keeper.go:132.24,134.4 1 0
github.com/Sifchain/sifnode/x/clp/keeper/keeper.go:139.76,142.2 2 2
github.com/Sifchain/sifnode/x/clp/keeper/keeper.go:144.58,147.2 2 16
github.com/Sifchain/sifnode/x/clp/keeper/params.go:8.68,11.2 2 12
github.com/Sifchain/sifnode/x/clp/keeper/params.go:13.57,15.2 1 12
github.com/Sifchain/sifnode/x/clp/keeper/params.go:18.65,20.2 1 12
github.com/Sifchain/sifnode/x/clp/handler.go:13.39,14.65 1 1
github.com/Sifchain/sifnode/x/clp/handler.go:14.65,16.28 2 7
github.com/Sifchain/sifnode/x/clp/handler.go:17.22,18.43 1 1
github.com/Sifchain/sifnode/x/clp/handler.go:19.28,20.49 1 1
github.com/Sifchain/sifnode/x/clp/handler.go:21.24,22.45 1 1
github.com/Sifchain/sifnode/x/clp/handler.go:23.27,24.48 1 2
github.com/Sifchain/sifnode/x/clp/handler.go:25.16,26.37 1 1
github.com/Sifchain/sifnode/x/clp/handler.go:27.11,29.67 2 1
github.com/Sifchain/sifnode/x/clp/handler.go:34.110,37.16 2 2
github.com/Sifchain/sifnode/x/clp/handler.go:40.2,40.102 1 2
github.com/Sifchain/sifnode/x/clp/handler.go:43.2,47.28 5 2
github.com/Sifchain/sifnode/x/clp/handler.go:56.2,57.16 2 2
github.com/Sifchain/sifnode/x/clp/handler.go:60.2,72.62 2 2
github.com/Sifchain/sifnode/x/clp/handler.go:37.16,39.3 1 0
github.com/Sifchain/sifnode/x/clp/handler.go:40.102,42.3 1 0
github.com/Sifchain/sifnode/x/clp/handler.go:47.28,55.3 5 0
github.com/Sifchain/sifnode/x/clp/handler.go:57.16,59.3 1 0
github.com/Sifchain/sifnode/x/clp/handler.go:75.98,77.70 2 7
github.com/Sifchain/sifnode/x/clp/handler.go:80.2,81.16 2 7
github.com/Sifchain/sifnode/x/clp/handler.go:84.2,89.16 6 7
github.com/Sifchain/sifnode/x/clp/handler.go:92.2,94.16 3 7
github.com/Sifchain/sifnode/x/clp/handler.go:97.2,115.62 3 7
github.com/Sifchain/sifnode/x/clp/handler.go:77.70,79.3 1 0
github.com/Sifchain/sifnode/x/clp/handler.go:81.16,83.3 1 0
github.com/Sifchain/sifnode/x/clp/handler.go:89.16,91.3 1 0
github.com/Sifchain/sifnode/x/clp/handler.go:94.16,96.3 1 0
github.com/Sifchain/sifnode/x/clp/handler.go:118.102,121.16 3 4
github.com/Sifchain/sifnode/x/clp/handler.go:124.2,126.16 3 2
github.com/Sifchain/sifnode/x/clp/handler.go:130.2,133.17 4 2
github.com/Sifchain/sifnode/x/clp/handler.go:145.2,146.16 2 2
github.com/Sifchain/sifnode/x/clp/handler.go:149.2,163.62 3 2
github.com/Sifchain/sifnode/x/clp/handler.go:121.16,123.3 1 2
github.com/Sifchain/sifnode/x/clp/handler.go:126.16,128.3 1 0
github.com/Sifchain/sifnode/x/clp/handler.go:133.17,142.3 2 0
github.com/Sifchain/sifnode/x/clp/handler.go:142.8,144.3 1 2
github.com/Sifchain/sifnode/x/clp/handler.go:146.16,148.3 1 0
github.com/Sifchain/sifnode/x/clp/handler.go:166.108,168.16 2 5
github.com/Sifchain/sifnode/x/clp/handler.go:171.2,172.16 2 4
github.com/Sifchain/sifnode/x/clp/handler.go:175.2,182.16 6 4
github.com/Sifchain/sifnode/x/clp/handler.go:185.2,185.22 1 4
github.com/Sifchain/sifnode/x/clp/handler.go:191.2,204.62 2 4
github.com/Sifchain/sifnode/x/clp/handler.go:168.16,170.3 1 1
github.com/Sifchain/sifnode/x/clp/handler.go:172.16,174.3 1 0
github.com/Sifchain/sifnode/x/clp/handler.go:182.16,184.3 1 0
github.com/Sifchain/sifnode/x/clp/handler.go:185.22,187.3 1 2
github.com/Sifchain/sifnode/x/clp/handler.go:187.8,190.3 2 2
github.com/Sifchain/sifnode/x/clp/handler.go:207.86,216.70 6 3
github.com/Sifchain/sifnode/x/clp/handler.go:231.2,232.16 2 1
github.com/Sifchain/sifnode/x/clp/handler.go:235.2,236.16 2 1
github.com/Sifchain/sifnode/x/clp/handler.go:239.2,255.62 4 1
github.com/Sifchain/sifnode/x/clp/handler.go:216.70,218.17 2 3
github.com/Sifchain/sifnode/x/clp/handler.go:221.3,222.17 2 1
github.com/Sifchain/sifnode/x/clp/handler.go:225.3,228.29 4 1
github.com/Sifchain/sifnode/x/clp/handler.go:218.17,220.4 1 2
github.com/Sifchain/sifnode/x/clp/handler.go:222.17,224.4 1 0
github.com/Sifchain/sifnode/x/clp/handler.go:232.16,234.3 1 0
github.com/Sifchain/sifnode/x/clp/handler.go:236.16,238.3 1 0
github.com/Sifchain/sifnode/x/clp/handler.go:260.122,264.28 3 2
github.com/Sifchain/sifnode/x/clp/handler.go:271.2,275.21 5 2
github.com/Sifchain/sifnode/x/clp/handler.go:278.2,278.30 1 2
github.com/Sifchain/sifnode/x/clp/handler.go:285.2,286.16 2 2
github.com/Sifchain/sifnode/x/clp/handler.go:289.2,289.49 1 2
github.com/Sifchain/sifnode/x/clp/handler.go:264.28,267.3 2 1
github.com/Sifchain/sifnode/x/clp/handler.go:267.8,270.3 2 1
github.com/Sifchain/sifnode/x/clp/handler.go:275.21,277.3 1 0
github.com/Sifchain/sifnode/x/clp/handler.go:278.30,281.3 2 1
github.com/Sifchain/sifnode/x/clp/handler.go:281.8,284.3 2 1
github.com/Sifchain/sifnode/x/clp/handler.go:286.16,288.3 1 0
github.com/Sifchain/sifnode/x/clp/handler.go:293.95,302.20 3 4
github.com/Sifchain/sifnode/x/clp/handler.go:309.2,309.29 1 4
github.com/Sifchain/sifnode/x/clp/handler.go:314.2,314.27 1 4
github.com/Sifchain/sifnode/x/clp/handler.go:319.2,320.35 2 4
github.com/Sifchain/sifnode/x/clp/handler.go:323.2,323.37 1 4
github.com/Sifchain/sifnode/x/clp/handler.go:326.2,326.21 1 4
github.com/Sifchain/sifnode/x/clp/handler.go:329.2,329.94 1 4
github.com/Sifchain/sifnode/x/clp/handler.go:302.20,305.3 2 0
github.com/Sifchain/sifnode/x/clp/handler.go:305.8,308.3 2 4
github.com/Sifchain/sifnode/x/clp/handler.go:309.29,311.3 1 2
github.com/Sifchain/sifnode/x/clp/handler.go:311.8,313.3 1 2
github.com/Sifchain/sifnode/x/clp/handler.go:314.27,316.3 1 2
github.com/Sifchain/sifnode/x/clp/handler.go:316.8,318.3 1 2
github.com/Sifchain/sifnode/x/clp/handler.go:320.35,322.3 1 0
github.com/Sifchain/sifnode/x/clp/handler.go:323.37,325.3 1 0
github.com/Sifchain/sifnode/x/clp/handler.go:326.21,328.3 1 0
github.com/Sifchain/sifnode/x/clp/handler.go:333.65,341.2 7 9
github.com/Sifchain/sifnode/x/clp/handler.go:343.42,345.2 1 2
github.com/Sifchain/sifnode/x/clp/handler.go:347.36,349.2 1 2
github.com/Sifchain/sifnode/x/clp/handler.go:351.40,353.2 1 2
github.com/Sifchain/sifnode/x/clp/module.go:31.37,33.2 1 0
github.com/Sifchain/sifnode/x/clp/module.go:36.55,38.2 1 0
github.com/Sifchain/sifnode/x/clp/module.go:42.56,44.2 1 0
github.com/Sifchain/sifnode/x/clp/module.go:47.65,50.16 3 0
github.com/Sifchain/sifnode/x/clp/module.go:53.2,53.30 1 0
github.com/Sifchain/sifnode/x/clp/module.go:50.16,52.3 1 0
github.com/Sifchain/sifnode/x/clp/module.go:57.83,59.2 1 0
github.com/Sifchain/sifnode/x/clp/module.go:62.65,64.2 1 0
github.com/Sifchain/sifnode/x/clp/module.go:67.68,69.2 1 0
github.com/Sifchain/sifnode/x/clp/module.go:82.75,88.2 1 0
github.com/Sifchain/sifnode/x/clp/module.go:91.32,93.2 1 0
github.com/Sifchain/sifnode/x/clp/module.go:96.66,96.67 0 0
github.com/Sifchain/sifnode/x/clp/module.go:99.33,101.2 1 0
github.com/Sifchain/sifnode/x/clp/module.go:104.46,106.2 1 0
github.com/Sifchain/sifnode/x/clp/module.go:109.40,111.2 1 0
github.com/Sifchain/sifnode/x/clp/module.go:114.53,116.2 1 0
github.com/Sifchain/sifnode/x/clp/module.go:120.95,124.2 3 0
github.com/Sifchain/sifnode/x/clp/module.go:128.68,131.2 2 0
github.com/Sifchain/sifnode/x/clp/module.go:134.77,136.2 1 0
github.com/Sifchain/sifnode/x/clp/module.go:140.89,142.2 1 0
github.com/Sifchain/sifnode/x/clp/abci.go:10.75,12.2 0 0
github.com/Sifchain/sifnode/x/clp/abci.go:15.45,17.2 0 0
github.com/Sifchain/sifnode/x/clp/genesis.go:9.133,12.2 2 0
github.com/Sifchain/sifnode/x/clp/genesis.go:14.71,16.2 1 0
github.com/Sifchain/sifnode/x/clp/genesis.go:19.47,21.2 1 0
