{
"contracts/BridgeBank/BankStorage.sol":{"l":{},"path":"/Users/kevindegraaf/sifnode/smart-contracts/contracts/BridgeBank/BankStorage.sol","s":{},"b":{},"f":{},"fnMap":{},"statementMap":{},"branchMap":{}},
"contracts/BridgeBank/BridgeBank.sol":{"l":{"40":0,"42":0,"43":0,"45":0,"46":0,"47":0,"48":0,"49":0,"56":0,"57":0,"64":0,"68":0,"75":0,"76":0,"85":0,"89":0,"96":0,"97":0,"98":0,"111":0,"113":0,"114":0,"115":0,"118":0,"133":0,"134":0,"136":0,"148":0,"149":0,"164":0,"165":0,"168":0,"171":0,"175":0,"177":0,"196":0,"218":0,"219":0,"220":0,"235":0,"238":0,"239":0,"243":0,"247":0,"250":0,"251":0,"258":0,"261":0,"278":0,"284":0,"285":0,"286":0,"291":0,"296":0,"306":0,"329":0},"path":"/Users/kevindegraaf/sifnode/smart-contracts/contracts/BridgeBank/BridgeBank.sol","s":{"1":0,"2":0,"3":0,"4":0,"5":0,"6":0,"7":0,"8":0,"9":0,"10":0,"11":0,"12":0,"13":0,"14":0,"15":0,"16":0,"17":0,"18":0,"19":0,"20":0,"21":0,"22":0,"23":0,"24":0,"25":0,"26":0,"27":0,"28":0,"29":0,"30":0,"31":0,"32":0,"33":0,"34":0,"35":0,"36":0,"37":0,"38":0,"39":0,"40":0,"41":0,"42":0,"43":0,"44":0,"45":0,"46":0,"47":0,"48":0,"49":0,"50":0,"51":0},"b":{"1":[0,0],"2":[0,0],"3":[0,0],"4":[0,0],"5":[0,0],"6":[0,0],"7":[0,0],"8":[0,0],"9":[0,0],"10":[0,0],"11":[0,0],"12":[0,0],"13":[0,0],"14":[0,0],"15":[0,0],"16":[0,0],"17":[0,0],"18":[0,0]},"f":{"1":0,"2":0,"3":0,"4":0,"5":0,"6":0,"7":0,"8":0,"9":0,"10":0,"11":0,"12":0,"13":0,"14":0,"15":0,"16":0,"17":0},"fnMap":{"1":{"name":"initialize","line":34,"loc":{"start":{"line":34,"column":4},"end":{"line":50,"column":4}}},"2":{"name":"onlyOperator","line":55,"loc":{"start":{"line":55,"column":4},"end":{"line":58,"column":4}}},"3":{"name":"onlyOracle","line":63,"loc":{"start":{"line":63,"column":4},"end":{"line":69,"column":4}}},"4":{"name":"onlyOwner","line":74,"loc":{"start":{"line":74,"column":4},"end":{"line":77,"column":4}}},"5":{"name":"onlyCosmosBridge","line":84,"loc":{"start":{"line":84,"column":4},"end":{"line":90,"column":4}}},"6":{"name":"validSifAddress","line":95,"loc":{"start":{"line":95,"column":4},"end":{"line":99,"column":4}}},"7":{"name":"","line":105,"loc":{"start":{"line":105,"column":4},"end":{"line":105,"column":46}}},"8":{"name":"verifySifPrefix","line":110,"loc":{"start":{"line":110,"column":4},"end":{"line":119,"column":4}}},"9":{"name":"createNewBridgeToken","line":130,"loc":{"start":{"line":128,"column":4},"end":{"line":137,"column":4}}},"10":{"name":"addExistingBridgeToken","line":147,"loc":{"start":{"line":145,"column":4},"end":{"line":150,"column":4}}},"11":{"name":"updateEthWhiteList","line":161,"loc":{"start":{"line":159,"column":4},"end":{"line":178,"column":4}}},"12":{"name":"mintBridgeTokens","line":195,"loc":{"start":{"line":189,"column":4},"end":{"line":204,"column":4}}},"13":{"name":"burn","line":217,"loc":{"start":{"line":213,"column":4},"end":{"line":221,"column":4}}},"14":{"name":"lock","line":234,"loc":{"start":{"line":230,"column":4},"end":{"line":262,"column":4}}},"15":{"name":"unlock","line":276,"loc":{"start":{"line":272,"column":4},"end":{"line":297,"column":4}}},"16":{"name":"getCosmosDepositStatus","line":305,"loc":{"start":{"line":305,"column":4},"end":{"line":307,"column":4}}},"17":{"name":"viewCosmosDeposit","line":319,"loc":{"start":{"line":319,"column":4},"end":{"line":330,"column":4}}}},"statementMap":{"1":{"start":{"line":40,"column":8},"end":{"line":40,"column":44}},"2":{"start":{"line":42,"column":8},"end":{"line":42,"column":37}},"3":{"start":{"line":43,"column":8},"end":{"line":43,"column":35}},"4":{"start":{"line":45,"column":8},"end":{"line":45,"column":34}},"5":{"start":{"line":46,"column":8},"end":{"line":46,"column":30}},"6":{"start":{"line":47,"column":8},"end":{"line":47,"column":42}},"7":{"start":{"line":48,"column":8},"end":{"line":48,"column":21}},"8":{"start":{"line":49,"column":8},"end":{"line":49,"column":26}},"9":{"start":{"line":56,"column":8},"end":{"line":56,"column":70}},"10":{"start":{"line":64,"column":8},"end":{"line":64,"column":1644}},"11":{"start":{"line":75,"column":8},"end":{"line":75,"column":53}},"12":{"start":{"line":85,"column":8},"end":{"line":85,"column":2052}},"13":{"start":{"line":96,"column":8},"end":{"line":96,"column":70}},"14":{"start":{"line":97,"column":8},"end":{"line":97,"column":82}},"15":{"start":{"line":111,"column":8},"end":{"line":111,"column":34}},"16":{"start":{"line":113,"column":8},"end":{"line":113,"column":2940}},"17":{"start":{"line":114,"column":12},"end":{"line":114,"column":3004}},"18":{"start":{"line":115,"column":16},"end":{"line":115,"column":28}},"19":{"start":{"line":118,"column":8},"end":{"line":118,"column":19}},"20":{"start":{"line":133,"column":8},"end":{"line":133,"column":63}},"21":{"start":{"line":134,"column":8},"end":{"line":134,"column":55}},"22":{"start":{"line":136,"column":8},"end":{"line":136,"column":30}},"23":{"start":{"line":148,"column":8},"end":{"line":148,"column":56}},"24":{"start":{"line":149,"column":8},"end":{"line":149,"column":55}},"25":{"start":{"line":164,"column":8},"end":{"line":164,"column":59}},"26":{"start":{"line":165,"column":8},"end":{"line":165,"column":53}},"27":{"start":{"line":168,"column":8},"end":{"line":168,"column":4529}},"28":{"start":{"line":171,"column":12},"end":{"line":171,"column":74}},"29":{"start":{"line":175,"column":12},"end":{"line":175,"column":69}},"30":{"start":{"line":177,"column":8},"end":{"line":177,"column":54}},"31":{"start":{"line":196,"column":8},"end":{"line":196,"column":5704}},"32":{"start":{"line":218,"column":8},"end":{"line":218,"column":56}},"33":{"start":{"line":219,"column":8},"end":{"line":219,"column":59}},"34":{"start":{"line":220,"column":8},"end":{"line":220,"column":65}},"35":{"start":{"line":235,"column":8},"end":{"line":235,"column":28}},"36":{"start":{"line":238,"column":8},"end":{"line":238,"column":7056}},"37":{"start":{"line":239,"column":12},"end":{"line":239,"column":7093}},"38":{"start":{"line":243,"column":12},"end":{"line":243,"column":7254}},"39":{"start":{"line":247,"column":12},"end":{"line":247,"column":25}},"40":{"start":{"line":250,"column":12},"end":{"line":250,"column":51}},"41":{"start":{"line":251,"column":12},"end":{"line":251,"column":7540}},"42":{"start":{"line":258,"column":12},"end":{"line":258,"column":48}},"43":{"start":{"line":261,"column":8},"end":{"line":261,"column":65}},"44":{"start":{"line":278,"column":8},"end":{"line":278,"column":8379}},"45":{"start":{"line":284,"column":8},"end":{"line":284,"column":55}},"46":{"start":{"line":285,"column":8},"end":{"line":285,"column":8678}},"47":{"start":{"line":286,"column":12},"end":{"line":286,"column":8728}},"48":{"start":{"line":291,"column":12},"end":{"line":291,"column":8893}},"49":{"start":{"line":296,"column":8},"end":{"line":296,"column":62}},"50":{"start":{"line":306,"column":8},"end":{"line":306,"column":41}},"51":{"start":{"line":329,"column":8},"end":{"line":329,"column":36}}},"branchMap":{"1":{"line":40,"type":"if","locations":[{"start":{"line":40,"column":8},"end":{"line":40,"column":8}},{"start":{"line":40,"column":8},"end":{"line":40,"column":8}}]},"2":{"line":56,"type":"if","locations":[{"start":{"line":56,"column":8},"end":{"line":56,"column":8}},{"start":{"line":56,"column":8},"end":{"line":56,"column":8}}]},"3":{"line":64,"type":"if","locations":[{"start":{"line":64,"column":8},"end":{"line":64,"column":8}},{"start":{"line":64,"column":8},"end":{"line":64,"column":8}}]},"4":{"line":75,"type":"if","locations":[{"start":{"line":75,"column":8},"end":{"line":75,"column":8}},{"start":{"line":75,"column":8},"end":{"line":75,"column":8}}]},"5":{"line":85,"type":"if","locations":[{"start":{"line":85,"column":8},"end":{"line":85,"column":8}},{"start":{"line":85,"column":8},"end":{"line":85,"column":8}}]},"6":{"line":96,"type":"if","locations":[{"start":{"line":96,"column":8},"end":{"line":96,"column":8}},{"start":{"line":96,"column":8},"end":{"line":96,"column":8}}]},"7":{"line":97,"type":"if","locations":[{"start":{"line":97,"column":8},"end":{"line":97,"column":8}},{"start":{"line":97,"column":8},"end":{"line":97,"column":8}}]},"8":{"line":114,"type":"if","locations":[{"start":{"line":114,"column":12},"end":{"line":114,"column":12}},{"start":{"line":114,"column":12},"end":{"line":114,"column":12}}]},"9":{"line":168,"type":"if","locations":[{"start":{"line":168,"column":8},"end":{"line":168,"column":8}},{"start":{"line":168,"column":8},"end":{"line":168,"column":8}}]},"10":{"line":171,"type":"if","locations":[{"start":{"line":171,"column":12},"end":{"line":171,"column":12}},{"start":{"line":171,"column":12},"end":{"line":171,"column":12}}]},"11":{"line":175,"type":"if","locations":[{"start":{"line":175,"column":12},"end":{"line":175,"column":12}},{"start":{"line":175,"column":12},"end":{"line":175,"column":12}}]},"12":{"line":238,"type":"if","locations":[{"start":{"line":238,"column":8},"end":{"line":238,"column":8}},{"start":{"line":238,"column":8},"end":{"line":238,"column":8}}]},"13":{"line":239,"type":"if","locations":[{"start":{"line":239,"column":12},"end":{"line":239,"column":12}},{"start":{"line":239,"column":12},"end":{"line":239,"column":12}}]},"14":{"line":243,"type":"if","locations":[{"start":{"line":243,"column":12},"end":{"line":243,"column":12}},{"start":{"line":243,"column":12},"end":{"line":243,"column":12}}]},"15":{"line":278,"type":"if","locations":[{"start":{"line":278,"column":8},"end":{"line":278,"column":8}},{"start":{"line":278,"column":8},"end":{"line":278,"column":8}}]},"16":{"line":285,"type":"if","locations":[{"start":{"line":285,"column":8},"end":{"line":285,"column":8}},{"start":{"line":285,"column":8},"end":{"line":285,"column":8}}]},"17":{"line":286,"type":"if","locations":[{"start":{"line":286,"column":12},"end":{"line":286,"column":12}},{"start":{"line":286,"column":12},"end":{"line":286,"column":12}}]},"18":{"line":291,"type":"if","locations":[{"start":{"line":291,"column":12},"end":{"line":291,"column":12}},{"start":{"line":291,"column":12},"end":{"line":291,"column":12}}]}}},
"contracts/BridgeBank/BridgeToken.sol":{"l":{},"path":"/Users/kevindegraaf/sifnode/smart-contracts/contracts/BridgeBank/BridgeToken.sol","s":{},"b":{},"f":{"1":0},"fnMap":{"1":{"name":"constructor","line":16,"loc":{"start":{"line":14,"column":4},"end":{"line":19,"column":4}}}},"statementMap":{},"branchMap":{}},
"contracts/BridgeBank/CosmosBank.sol":{"l":{"39":0,"57":0,"58":0,"62":0,"70":0,"82":0,"85":0,"88":0,"89":0,"91":0,"92":0,"106":0,"108":0,"110":0,"111":0,"113":0,"114":0,"133":0,"139":0,"144":0,"151":0,"166":0,"184":0,"186":0},"path":"/Users/kevindegraaf/sifnode/smart-contracts/contracts/BridgeBank/CosmosBank.sol","s":{"1":0,"2":0,"3":0,"4":0,"5":0,"6":0,"7":0,"8":0,"9":0,"10":0,"11":0,"12":0,"13":0,"14":0,"15":0,"16":0,"17":0,"18":0,"19":0,"20":0,"21":0,"22":0,"23":0,"24":0},"b":{"1":[0,0],"2":[0,0]},"f":{"1":0,"2":0,"3":0,"4":0,"5":0,"6":0,"7":0},"fnMap":{"1":{"name":"getBridgeToken","line":34,"loc":{"start":{"line":34,"column":4},"end":{"line":40,"column":4}}},"2":{"name":"newCosmosDeposit","line":51,"loc":{"start":{"line":51,"column":4},"end":{"line":71,"column":4}}},"3":{"name":"deployNewBridgeToken","line":78,"loc":{"start":{"line":78,"column":4},"end":{"line":93,"column":4}}},"4":{"name":"useExistingBridgeToken","line":102,"loc":{"start":{"line":102,"column":4},"end":{"line":115,"column":4}}},"5":{"name":"mintNewBridgeTokens","line":126,"loc":{"start":{"line":126,"column":4},"end":{"line":157,"column":4}}},"6":{"name":"isLockedCosmosDeposit","line":165,"loc":{"start":{"line":165,"column":4},"end":{"line":167,"column":4}}},"7":{"name":"getCosmosDeposit","line":179,"loc":{"start":{"line":179,"column":4},"end":{"line":192,"column":4}}}},"statementMap":{"1":{"start":{"line":39,"column":8},"end":{"line":39,"column":48}},"2":{"start":{"line":57,"column":8},"end":{"line":57,"column":53}},"3":{"start":{"line":58,"column":8},"end":{"line":58,"column":1728}},"4":{"start":{"line":62,"column":8},"end":{"line":62,"column":1879}},"5":{"start":{"line":70,"column":8},"end":{"line":70,"column":24}},"6":{"start":{"line":82,"column":8},"end":{"line":82,"column":49}},"7":{"start":{"line":85,"column":8},"end":{"line":85,"column":63}},"8":{"start":{"line":88,"column":8},"end":{"line":88,"column":63}},"9":{"start":{"line":89,"column":8},"end":{"line":89,"column":62}},"10":{"start":{"line":91,"column":8},"end":{"line":91,"column":62}},"11":{"start":{"line":92,"column":8},"end":{"line":92,"column":36}},"12":{"start":{"line":106,"column":8},"end":{"line":106,"column":49}},"13":{"start":{"line":108,"column":8},"end":{"line":108,"column":70}},"14":{"start":{"line":110,"column":8},"end":{"line":110,"column":56}},"15":{"start":{"line":111,"column":8},"end":{"line":111,"column":62}},"16":{"start":{"line":113,"column":8},"end":{"line":113,"column":62}},"17":{"start":{"line":114,"column":8},"end":{"line":114,"column":36}},"18":{"start":{"line":133,"column":8},"end":{"line":133,"column":4089}},"19":{"start":{"line":139,"column":8},"end":{"line":139,"column":4270}},"20":{"start":{"line":144,"column":8},"end":{"line":144,"column":4432}},"21":{"start":{"line":151,"column":8},"end":{"line":151,"column":4583}},"22":{"start":{"line":166,"column":8},"end":{"line":166,"column":43}},"23":{"start":{"line":184,"column":8},"end":{"line":184,"column":58}},"24":{"start":{"line":186,"column":8},"end":{"line":186,"column":5615}}},"branchMap":{"1":{"line":133,"type":"if","locations":[{"start":{"line":133,"column":8},"end":{"line":133,"column":8}},{"start":{"line":133,"column":8},"end":{"line":133,"column":8}}]},"2":{"line":139,"type":"if","locations":[{"start":{"line":139,"column":8},"end":{"line":139,"column":8}},{"start":{"line":139,"column":8},"end":{"line":139,"column":8}}]}}},
"contracts/BridgeBank/CosmosBankStorage.sol":{"l":{},"path":"/Users/kevindegraaf/sifnode/smart-contracts/contracts/BridgeBank/CosmosBankStorage.sol","s":{},"b":{},"f":{},"fnMap":{},"statementMap":{},"branchMap":{}},
"contracts/BridgeBank/CosmosWhiteList.sol":{"l":{"19":0,"20":0,"21":0,"28":0,"32":0,"46":0,"47":0,"48":0,"58":0},"path":"/Users/kevindegraaf/sifnode/smart-contracts/contracts/BridgeBank/CosmosWhiteList.sol","s":{"1":0,"2":0,"3":0,"4":0,"5":0,"6":0,"7":0,"8":0},"b":{"1":[0,0],"2":[0,0]},"f":{"1":0,"2":0,"3":0,"4":0},"fnMap":{"1":{"name":"initialize","line":18,"loc":{"start":{"line":18,"column":4},"end":{"line":22,"column":4}}},"2":{"name":"onlyCosmosTokenWhiteList","line":27,"loc":{"start":{"line":27,"column":4},"end":{"line":33,"column":4}}},"3":{"name":"setTokenInCosmosWhiteList","line":42,"loc":{"start":{"line":42,"column":4},"end":{"line":49,"column":4}}},"4":{"name":"getCosmosTokenInWhiteList","line":57,"loc":{"start":{"line":57,"column":4},"end":{"line":59,"column":4}}}},"statementMap":{"1":{"start":{"line":19,"column":8},"end":{"line":19,"column":44}},"2":{"start":{"line":20,"column":8},"end":{"line":20,"column":47}},"3":{"start":{"line":21,"column":8},"end":{"line":21,"column":26}},"4":{"start":{"line":28,"column":8},"end":{"line":28,"column":682}},"5":{"start":{"line":46,"column":8},"end":{"line":46,"column":46}},"6":{"start":{"line":47,"column":8},"end":{"line":47,"column":48}},"7":{"start":{"line":48,"column":8},"end":{"line":48,"column":22}},"8":{"start":{"line":58,"column":8},"end":{"line":58,"column":44}}},"branchMap":{"1":{"line":19,"type":"if","locations":[{"start":{"line":19,"column":8},"end":{"line":19,"column":8}},{"start":{"line":19,"column":8},"end":{"line":19,"column":8}}]},"2":{"line":28,"type":"if","locations":[{"start":{"line":28,"column":8},"end":{"line":28,"column":8}},{"start":{"line":28,"column":8},"end":{"line":28,"column":8}}]}}},
"contracts/BridgeBank/CosmosWhiteListStorage.sol":{"l":{},"path":"/Users/kevindegraaf/sifnode/smart-contracts/contracts/BridgeBank/CosmosWhiteListStorage.sol","s":{},"b":{},"f":{},"fnMap":{},"statementMap":{},"branchMap":{}},
"contracts/BridgeBank/EthereumBank.sol":{"l":{"53":0,"66":0,"84":0,"85":0,"103":0,"106":0,"107":0,"109":0,"128":0,"131":0,"132":0,"134":0,"135":0,"138":0},"path":"/Users/kevindegraaf/sifnode/smart-contracts/contracts/BridgeBank/EthereumBank.sol","s":{"1":0,"2":0,"3":0,"4":0,"5":0,"6":0,"7":0,"8":0,"9":0,"10":0,"11":0,"12":0,"13":0,"14":0},"b":{"1":[0,0]},"f":{"1":0,"2":0,"3":0,"4":0,"5":0},"fnMap":{"1":{"name":"getLockedTokenAddress","line":48,"loc":{"start":{"line":48,"column":4},"end":{"line":54,"column":4}}},"2":{"name":"getLockedFunds","line":61,"loc":{"start":{"line":61,"column":4},"end":{"line":67,"column":4}}},"3":{"name":"burnFunds","line":77,"loc":{"start":{"line":77,"column":4},"end":{"line":86,"column":4}}},"4":{"name":"lockFunds","line":96,"loc":{"start":{"line":96,"column":4},"end":{"line":110,"column":4}}},"5":{"name":"unlockFunds","line":121,"loc":{"start":{"line":121,"column":4},"end":{"line":139,"column":4}}}},"statementMap":{"1":{"start":{"line":53,"column":8},"end":{"line":53,"column":39}},"2":{"start":{"line":66,"column":8},"end":{"line":66,"column":52}},"3":{"start":{"line":84,"column":8},"end":{"line":84,"column":43}},"4":{"start":{"line":85,"column":8},"end":{"line":85,"column":82}},"5":{"start":{"line":103,"column":8},"end":{"line":103,"column":43}},"6":{"start":{"line":106,"column":8},"end":{"line":106,"column":40}},"7":{"start":{"line":107,"column":8},"end":{"line":107,"column":61}},"8":{"start":{"line":109,"column":8},"end":{"line":109,"column":82}},"9":{"start":{"line":128,"column":8},"end":{"line":128,"column":61}},"10":{"start":{"line":131,"column":8},"end":{"line":131,"column":3790}},"11":{"start":{"line":132,"column":12},"end":{"line":132,"column":41}},"12":{"start":{"line":134,"column":12},"end":{"line":134,"column":51}},"13":{"start":{"line":135,"column":12},"end":{"line":135,"column":60}},"14":{"start":{"line":138,"column":8},"end":{"line":138,"column":60}}},"branchMap":{"1":{"line":131,"type":"if","locations":[{"start":{"line":131,"column":8},"end":{"line":131,"column":8}},{"start":{"line":131,"column":8},"end":{"line":131,"column":8}}]}}},
"contracts/BridgeBank/EthereumBankStorage.sol":{"l":{},"path":"/Users/kevindegraaf/sifnode/smart-contracts/contracts/BridgeBank/EthereumBankStorage.sol","s":{},"b":{},"f":{},"fnMap":{},"statementMap":{},"branchMap":{}},
"contracts/BridgeBank/EthereumWhitelist.sol":{"l":{"26":0,"27":0,"28":0,"35":0,"39":0,"53":0,"54":0,"55":0,"65":0},"path":"/Users/kevindegraaf/sifnode/smart-contracts/contracts/BridgeBank/EthereumWhitelist.sol","s":{"1":0,"2":0,"3":0,"4":0,"5":0,"6":0,"7":0,"8":0},"b":{"1":[0,0],"2":[0,0]},"f":{"1":0,"2":0,"3":0,"4":0},"fnMap":{"1":{"name":"initialize","line":25,"loc":{"start":{"line":25,"column":4},"end":{"line":29,"column":4}}},"2":{"name":"onlyEthTokenWhiteList","line":34,"loc":{"start":{"line":34,"column":4},"end":{"line":40,"column":4}}},"3":{"name":"setTokenInEthWhiteList","line":49,"loc":{"start":{"line":49,"column":4},"end":{"line":56,"column":4}}},"4":{"name":"getTokenInEthWhiteList","line":64,"loc":{"start":{"line":64,"column":4},"end":{"line":66,"column":4}}}},"statementMap":{"1":{"start":{"line":26,"column":8},"end":{"line":26,"column":44}},"2":{"start":{"line":27,"column":8},"end":{"line":27,"column":49}},"3":{"start":{"line":28,"column":8},"end":{"line":28,"column":26}},"4":{"start":{"line":35,"column":8},"end":{"line":35,"column":851}},"5":{"start":{"line":53,"column":8},"end":{"line":53,"column":48}},"6":{"start":{"line":54,"column":8},"end":{"line":54,"column":48}},"7":{"start":{"line":55,"column":8},"end":{"line":55,"column":22}},"8":{"start":{"line":65,"column":8},"end":{"line":65,"column":46}}},"branchMap":{"1":{"line":26,"type":"if","locations":[{"start":{"line":26,"column":8},"end":{"line":26,"column":8}},{"start":{"line":26,"column":8},"end":{"line":26,"column":8}}]},"2":{"line":35,"type":"if","locations":[{"start":{"line":35,"column":8},"end":{"line":35,"column":8}},{"start":{"line":35,"column":8},"end":{"line":35,"column":8}}]}}},
"contracts/BridgeRegistry.sol":{"l":{"27":0,"29":0,"30":0,"31":0,"32":0,"33":0,"35":0},"path":"/Users/kevindegraaf/sifnode/smart-contracts/contracts/BridgeRegistry.sol","s":{"1":0,"2":0,"3":0,"4":0,"5":0,"6":0,"7":0},"b":{"1":[0,0]},"f":{"1":0},"fnMap":{"1":{"name":"initialize","line":21,"loc":{"start":{"line":21,"column":4},"end":{"line":36,"column":4}}}},"statementMap":{"1":{"start":{"line":27,"column":8},"end":{"line":27,"column":44}},"2":{"start":{"line":29,"column":8},"end":{"line":29,"column":35}},"3":{"start":{"line":30,"column":8},"end":{"line":30,"column":31}},"4":{"start":{"line":31,"column":8},"end":{"line":31,"column":23}},"5":{"start":{"line":32,"column":8},"end":{"line":32,"column":23}},"6":{"start":{"line":33,"column":8},"end":{"line":33,"column":26}},"7":{"start":{"line":35,"column":8},"end":{"line":35,"column":77}}},"branchMap":{"1":{"line":27,"type":"if","locations":[{"start":{"line":27,"column":8},"end":{"line":27,"column":8}},{"start":{"line":27,"column":8},"end":{"line":27,"column":8}}]}}},
"contracts/CosmosBridge.sol":{"l":{"41":0,"45":0,"52":0,"53":0,"60":0,"64":0,"71":0,"75":0,"82":0,"84":0,"85":0,"86":0,"87":0,"88":0,"89":0,"90":0,"97":0,"102":0,"103":0,"105":0,"112":0,"117":0,"118":0,"120":0,"137":0,"138":0,"139":0,"140":0,"142":0,"143":0,"144":0,"145":0,"149":0,"150":0,"152":0,"153":0,"154":0,"156":0,"159":0,"162":0,"166":0,"178":0,"179":0,"181":0,"192":0,"193":0,"196":0,"197":0,"211":0,"213":0,"214":0,"215":0,"217":0,"220":0,"228":0,"230":0,"244":0,"246":0,"262":0,"275":0,"292":0},"path":"/Users/kevindegraaf/sifnode/smart-contracts/contracts/CosmosBridge.sol","s":{"1":0,"2":0,"3":0,"4":0,"5":0,"6":0,"7":0,"8":0,"9":0,"10":0,"11":0,"12":0,"13":0,"14":0,"15":0,"16":0,"17":0,"18":0,"19":0,"20":0,"21":0,"22":0,"23":0,"24":0,"25":0,"26":0,"27":0,"28":0,"29":0,"30":0,"31":0,"32":0,"33":0,"34":0,"35":0,"36":0,"37":0,"38":0,"39":0,"40":0,"41":0,"42":0,"43":0,"44":0,"45":0,"46":0,"47":0,"48":0,"49":0,"50":0,"51":0,"52":0,"53":0,"54":0,"55":0,"56":0,"57":0,"58":0},"b":{"1":[0,0],"2":[0,0],"3":[0,0],"4":[0,0],"5":[0,0],"6":[0,0],"7":[0,0],"8":[0,0],"9":[0,0],"10":[0,0],"11":[0,0],"12":[0,0],"13":[0,0],"14":[0,0]},"f":{"1":0,"2":0,"3":0,"4":0,"5":0,"6":0,"7":0,"8":0,"9":0,"10":0,"11":0,"12":0,"13":0,"14":0},"fnMap":{"1":{"name":"isPending","line":40,"loc":{"start":{"line":40,"column":4},"end":{"line":46,"column":4}}},"2":{"name":"onlyOperator","line":51,"loc":{"start":{"line":51,"column":4},"end":{"line":54,"column":4}}},"3":{"name":"isActive","line":59,"loc":{"start":{"line":59,"column":4},"end":{"line":65,"column":4}}},"4":{"name":"onlyValidator","line":70,"loc":{"start":{"line":70,"column":4},"end":{"line":76,"column":4}}},"5":{"name":"initialize","line":81,"loc":{"start":{"line":81,"column":4},"end":{"line":91,"column":4}}},"6":{"name":"setOracle","line":96,"loc":{"start":{"line":96,"column":4},"end":{"line":106,"column":4}}},"7":{"name":"setBridgeBank","line":111,"loc":{"start":{"line":111,"column":4},"end":{"line":121,"column":4}}},"8":{"name":"newProphecyClaim","line":136,"loc":{"start":{"line":129,"column":4},"end":{"line":199,"column":4}}},"9":{"name":"completeProphecyClaim","line":209,"loc":{"start":{"line":207,"column":4},"end":{"line":221,"column":4}}},"10":{"name":"issueBridgeTokens","line":227,"loc":{"start":{"line":227,"column":4},"end":{"line":237,"column":4}}},"11":{"name":"unlockTokens","line":243,"loc":{"start":{"line":243,"column":4},"end":{"line":251,"column":4}}},"12":{"name":"isProphecyClaimActive","line":257,"loc":{"start":{"line":257,"column":4},"end":{"line":263,"column":4}}},"13":{"name":"isProphecyClaimValidatorActive","line":270,"loc":{"start":{"line":270,"column":4},"end":{"line":279,"column":4}}},"14":{"name":"concat","line":287,"loc":{"start":{"line":287,"column":4},"end":{"line":293,"column":4}}}},"statementMap":{"1":{"start":{"line":41,"column":8},"end":{"line":41,"column":1029}},"2":{"start":{"line":52,"column":8},"end":{"line":52,"column":63}},"3":{"start":{"line":60,"column":8},"end":{"line":60,"column":1469}},"4":{"start":{"line":71,"column":8},"end":{"line":71,"column":1772}},"5":{"start":{"line":82,"column":8},"end":{"line":82,"column":44}},"6":{"start":{"line":84,"column":8},"end":{"line":84,"column":39}},"7":{"start":{"line":85,"column":8},"end":{"line":85,"column":29}},"8":{"start":{"line":86,"column":8},"end":{"line":86,"column":27}},"9":{"start":{"line":87,"column":8},"end":{"line":87,"column":23}},"10":{"start":{"line":88,"column":8},"end":{"line":88,"column":24}},"11":{"start":{"line":89,"column":8},"end":{"line":89,"column":28}},"12":{"start":{"line":90,"column":8},"end":{"line":90,"column":26}},"13":{"start":{"line":97,"column":8},"end":{"line":97,"column":2415}},"14":{"start":{"line":102,"column":8},"end":{"line":102,"column":23}},"15":{"start":{"line":103,"column":8},"end":{"line":103,"column":23}},"16":{"start":{"line":105,"column":8},"end":{"line":105,"column":33}},"17":{"start":{"line":112,"column":8},"end":{"line":112,"column":2747}},"18":{"start":{"line":117,"column":8},"end":{"line":117,"column":27}},"19":{"start":{"line":118,"column":8},"end":{"line":118,"column":31}},"20":{"start":{"line":120,"column":8},"end":{"line":120,"column":41}},"21":{"start":{"line":137,"column":8},"end":{"line":137,"column":26}},"22":{"start":{"line":138,"column":8},"end":{"line":138,"column":153}},"23":{"start":{"line":139,"column":8},"end":{"line":139,"column":3794}},"24":{"start":{"line":140,"column":12},"end":{"line":140,"column":81}},"25":{"start":{"line":142,"column":12},"end":{"line":142,"column":32}},"26":{"start":{"line":143,"column":12},"end":{"line":143,"column":32}},"27":{"start":{"line":144,"column":12},"end":{"line":144,"column":4009}},"28":{"start":{"line":145,"column":16},"end":{"line":145,"column":4065}},"29":{"start":{"line":149,"column":16},"end":{"line":149,"column":31}},"30":{"start":{"line":150,"column":16},"end":{"line":150,"column":83}},"31":{"start":{"line":151,"column":19},"end":{"line":151,"column":4388}},"32":{"start":{"line":152,"column":16},"end":{"line":152,"column":67}},"33":{"start":{"line":153,"column":16},"end":{"line":153,"column":90}},"34":{"start":{"line":154,"column":16},"end":{"line":154,"column":4631}},"35":{"start":{"line":156,"column":20},"end":{"line":156,"column":85}},"36":{"start":{"line":159,"column":20},"end":{"line":159,"column":52}},"37":{"start":{"line":162,"column":16},"end":{"line":162,"column":78}},"38":{"start":{"line":166,"column":12},"end":{"line":166,"column":5220}},"39":{"start":{"line":178,"column":12},"end":{"line":178,"column":57}},"40":{"start":{"line":179,"column":12},"end":{"line":179,"column":54}},"41":{"start":{"line":181,"column":12},"end":{"line":181,"column":5726}},"42":{"start":{"line":192,"column":12},"end":{"line":192,"column":40}},"43":{"start":{"line":193,"column":12},"end":{"line":193,"column":81}},"44":{"start":{"line":196,"column":8},"end":{"line":196,"column":6138}},"45":{"start":{"line":197,"column":12},"end":{"line":197,"column":45}},"46":{"start":{"line":211,"column":8},"end":{"line":211,"column":58}},"47":{"start":{"line":213,"column":8},"end":{"line":213,"column":67}},"48":{"start":{"line":214,"column":8},"end":{"line":214,"column":6747}},"49":{"start":{"line":215,"column":12},"end":{"line":215,"column":36}},"50":{"start":{"line":217,"column":12},"end":{"line":217,"column":41}},"51":{"start":{"line":220,"column":8},"end":{"line":220,"column":57}},"52":{"start":{"line":228,"column":8},"end":{"line":228,"column":72}},"53":{"start":{"line":230,"column":8},"end":{"line":230,"column":7225}},"54":{"start":{"line":244,"column":8},"end":{"line":244,"column":72}},"55":{"start":{"line":246,"column":8},"end":{"line":246,"column":7739}},"56":{"start":{"line":262,"column":8},"end":{"line":262,"column":67}},"57":{"start":{"line":275,"column":8},"end":{"line":275,"column":8541}},"58":{"start":{"line":292,"column":8},"end":{"line":292,"column":57}}},"branchMap":{"1":{"line":41,"type":"if","locations":[{"start":{"line":41,"column":8},"end":{"line":41,"column":8}},{"start":{"line":41,"column":8},"end":{"line":41,"column":8}}]},"2":{"line":52,"type":"if","locations":[{"start":{"line":52,"column":8},"end":{"line":52,"column":8}},{"start":{"line":52,"column":8},"end":{"line":52,"column":8}}]},"3":{"line":60,"type":"if","locations":[{"start":{"line":60,"column":8},"end":{"line":60,"column":8}},{"start":{"line":60,"column":8},"end":{"line":60,"column":8}}]},"4":{"line":71,"type":"if","locations":[{"start":{"line":71,"column":8},"end":{"line":71,"column":8}},{"start":{"line":71,"column":8},"end":{"line":71,"column":8}}]},"5":{"line":82,"type":"if","locations":[{"start":{"line":82,"column":8},"end":{"line":82,"column":8}},{"start":{"line":82,"column":8},"end":{"line":82,"column":8}}]},"6":{"line":97,"type":"if","locations":[{"start":{"line":97,"column":8},"end":{"line":97,"column":8}},{"start":{"line":97,"column":8},"end":{"line":97,"column":8}}]},"7":{"line":112,"type":"if","locations":[{"start":{"line":112,"column":8},"end":{"line":112,"column":8}},{"start":{"line":112,"column":8},"end":{"line":112,"column":8}}]},"8":{"line":139,"type":"if","locations":[{"start":{"line":139,"column":8},"end":{"line":139,"column":8}},{"start":{"line":139,"column":8},"end":{"line":139,"column":8}}]},"9":{"line":144,"type":"if","locations":[{"start":{"line":144,"column":12},"end":{"line":144,"column":12}},{"start":{"line":144,"column":12},"end":{"line":144,"column":12}}]},"10":{"line":145,"type":"if","locations":[{"start":{"line":145,"column":16},"end":{"line":145,"column":16}},{"start":{"line":145,"column":16},"end":{"line":145,"column":16}}]},"11":{"line":151,"type":"if","locations":[{"start":{"line":151,"column":19},"end":{"line":151,"column":19}},{"start":{"line":151,"column":19},"end":{"line":151,"column":19}}]},"12":{"line":154,"type":"if","locations":[{"start":{"line":154,"column":16},"end":{"line":154,"column":16}},{"start":{"line":154,"column":16},"end":{"line":154,"column":16}}]},"13":{"line":196,"type":"if","locations":[{"start":{"line":196,"column":8},"end":{"line":196,"column":8}},{"start":{"line":196,"column":8},"end":{"line":196,"column":8}}]},"14":{"line":214,"type":"if","locations":[{"start":{"line":214,"column":8},"end":{"line":214,"column":8}},{"start":{"line":214,"column":8},"end":{"line":214,"column":8}}]}}},
"contracts/CosmosBridgeStorage.sol":{"l":{},"path":"/Users/kevindegraaf/sifnode/smart-contracts/contracts/CosmosBridgeStorage.sol","s":{},"b":{},"f":{},"fnMap":{},"statementMap":{},"branchMap":{}},
"contracts/MockUpgrade/MockCosmsosBridgeUpgrade.sol":{"l":{"13":0,"25":0,"26":0,"44":0,"45":0,"47":0,"48":0,"61":0,"63":0,"64":0,"73":0},"path":"/Users/kevindegraaf/sifnode/smart-contracts/contracts/MockUpgrade/MockCosmsosBridgeUpgrade.sol","s":{"1":0,"2":0,"3":0,"4":0,"5":0,"6":0,"7":0,"8":0,"9":0,"10":0,"11":0},"b":{"1":[0,0],"2":[0,0],"3":[0,0]},"f":{"1":0,"2":0,"3":0,"4":0,"5":0},"fnMap":{"1":{"name":"balanceOf","line":12,"loc":{"start":{"line":12,"column":4},"end":{"line":14,"column":4}}},"2":{"name":"transfer","line":24,"loc":{"start":{"line":24,"column":4},"end":{"line":27,"column":4}}},"3":{"name":"_transfer","line":43,"loc":{"start":{"line":43,"column":4},"end":{"line":49,"column":4}}},"4":{"name":"_mint","line":60,"loc":{"start":{"line":60,"column":4},"end":{"line":65,"column":4}}},"5":{"name":"tokenFaucet","line":72,"loc":{"start":{"line":72,"column":4},"end":{"line":74,"column":4}}}},"statementMap":{"1":{"start":{"line":13,"column":8},"end":{"line":13,"column":33}},"2":{"start":{"line":25,"column":8},"end":{"line":25,"column":47}},"3":{"start":{"line":26,"column":8},"end":{"line":26,"column":19}},"4":{"start":{"line":44,"column":8},"end":{"line":44,"column":77}},"5":{"start":{"line":45,"column":8},"end":{"line":45,"column":78}},"6":{"start":{"line":47,"column":8},"end":{"line":47,"column":53}},"7":{"start":{"line":48,"column":8},"end":{"line":48,"column":59}},"8":{"start":{"line":61,"column":8},"end":{"line":61,"column":72}},"9":{"start":{"line":63,"column":8},"end":{"line":63,"column":43}},"10":{"start":{"line":64,"column":8},"end":{"line":64,"column":55}},"11":{"start":{"line":73,"column":8},"end":{"line":73,"column":38}}},"branchMap":{"1":{"line":44,"type":"if","locations":[{"start":{"line":44,"column":8},"end":{"line":44,"column":8}},{"start":{"line":44,"column":8},"end":{"line":44,"column":8}}]},"2":{"line":45,"type":"if","locations":[{"start":{"line":45,"column":8},"end":{"line":45,"column":8}},{"start":{"line":45,"column":8},"end":{"line":45,"column":8}}]},"3":{"line":61,"type":"if","locations":[{"start":{"line":61,"column":8},"end":{"line":61,"column":8}},{"start":{"line":61,"column":8},"end":{"line":61,"column":8}}]}}},
"contracts/Oracle.sol":{"l":{"33":0,"34":0,"41":0,"45":0,"52":0,"56":0,"63":0,"67":0,"79":0,"80":0,"84":0,"88":0,"89":0,"90":0,"91":0,"92":0,"109":0,"114":0,"115":0,"117":0,"123":0,"125":0,"140":0,"144":0,"158":0,"159":0,"162":0,"167":0,"170":0,"171":0,"176":0,"178":0,"179":0,"182":0},"path":"/Users/kevindegraaf/sifnode/smart-contracts/contracts/Oracle.sol","s":{"1":0,"2":0,"3":0,"4":0,"5":0,"6":0,"7":0,"8":0,"9":0,"10":0,"11":0,"12":0,"13":0,"14":0,"15":0,"16":0,"17":0,"18":0,"19":0,"20":0,"21":0,"22":0,"23":0,"24":0,"25":0,"26":0,"27":0,"28":0,"29":0,"30":0},"b":{"1":[0,0],"2":[0,0],"3":[0,0],"4":[0,0],"5":[0,0],"6":[0,0],"7":[0,0],"8":[0,0],"9":[0,0],"10":[0,0]},"f":{"1":0,"2":0,"3":0,"4":0,"5":0,"6":0,"7":0,"8":0},"fnMap":{"1":{"name":"onlyOperator","line":32,"loc":{"start":{"line":32,"column":4},"end":{"line":35,"column":4}}},"2":{"name":"onlyValidator","line":40,"loc":{"start":{"line":40,"column":4},"end":{"line":46,"column":4}}},"3":{"name":"onlyCosmosBridge","line":51,"loc":{"start":{"line":51,"column":4},"end":{"line":57,"column":4}}},"4":{"name":"isPending","line":62,"loc":{"start":{"line":62,"column":4},"end":{"line":68,"column":4}}},"5":{"name":"initialize","line":73,"loc":{"start":{"line":73,"column":4},"end":{"line":93,"column":4}}},"6":{"name":"newOracleClaim","line":105,"loc":{"start":{"line":99,"column":4},"end":{"line":126,"column":4}}},"7":{"name":"checkBridgeProphecy","line":137,"loc":{"start":{"line":133,"column":4},"end":{"line":145,"column":4}}},"8":{"name":"getProphecyThreshold","line":153,"loc":{"start":{"line":153,"column":4},"end":{"line":187,"column":4}}}},"statementMap":{"1":{"start":{"line":33,"column":8},"end":{"line":33,"column":63}},"2":{"start":{"line":41,"column":8},"end":{"line":41,"column":941}},"3":{"start":{"line":52,"column":8},"end":{"line":52,"column":1201}},"4":{"start":{"line":63,"column":8},"end":{"line":63,"column":1454}},"5":{"start":{"line":79,"column":8},"end":{"line":79,"column":44}},"6":{"start":{"line":80,"column":8},"end":{"line":80,"column":1899}},"7":{"start":{"line":84,"column":8},"end":{"line":84,"column":2016}},"8":{"start":{"line":88,"column":8},"end":{"line":88,"column":27}},"9":{"start":{"line":89,"column":8},"end":{"line":89,"column":35}},"10":{"start":{"line":90,"column":8},"end":{"line":90,"column":23}},"11":{"start":{"line":91,"column":8},"end":{"line":91,"column":47}},"12":{"start":{"line":92,"column":8},"end":{"line":92,"column":26}},"13":{"start":{"line":109,"column":8},"end":{"line":109,"column":2750}},"14":{"start":{"line":114,"column":8},"end":{"line":114,"column":57}},"15":{"start":{"line":115,"column":8},"end":{"line":115,"column":64}},"16":{"start":{"line":117,"column":8},"end":{"line":117,"column":3039}},"17":{"start":{"line":123,"column":8},"end":{"line":123,"column":60}},"18":{"start":{"line":125,"column":8},"end":{"line":125,"column":20}},"19":{"start":{"line":140,"column":8},"end":{"line":140,"column":3644}},"20":{"start":{"line":144,"column":8},"end":{"line":144,"column":48}},"21":{"start":{"line":158,"column":8},"end":{"line":158,"column":31}},"22":{"start":{"line":159,"column":8},"end":{"line":159,"column":56}},"23":{"start":{"line":162,"column":8},"end":{"line":162,"column":4438}},"24":{"start":{"line":167,"column":12},"end":{"line":167,"column":66}},"25":{"start":{"line":170,"column":12},"end":{"line":170,"column":4707}},"26":{"start":{"line":171,"column":16},"end":{"line":171,"column":86}},"27":{"start":{"line":176,"column":8},"end":{"line":176,"column":75}},"28":{"start":{"line":178,"column":8},"end":{"line":178,"column":59}},"29":{"start":{"line":179,"column":8},"end":{"line":179,"column":5234}},"30":{"start":{"line":182,"column":8},"end":{"line":182,"column":5305}}},"branchMap":{"1":{"line":33,"type":"if","locations":[{"start":{"line":33,"column":8},"end":{"line":33,"column":8}},{"start":{"line":33,"column":8},"end":{"line":33,"column":8}}]},"2":{"line":41,"type":"if","locations":[{"start":{"line":41,"column":8},"end":{"line":41,"column":8}},{"start":{"line":41,"column":8},"end":{"line":41,"column":8}}]},"3":{"line":52,"type":"if","locations":[{"start":{"line":52,"column":8},"end":{"line":52,"column":8}},{"start":{"line":52,"column":8},"end":{"line":52,"column":8}}]},"4":{"line":63,"type":"if","locations":[{"start":{"line":63,"column":8},"end":{"line":63,"column":8}},{"start":{"line":63,"column":8},"end":{"line":63,"column":8}}]},"5":{"line":79,"type":"if","locations":[{"start":{"line":79,"column":8},"end":{"line":79,"column":8}},{"start":{"line":79,"column":8},"end":{"line":79,"column":8}}]},"6":{"line":80,"type":"if","locations":[{"start":{"line":80,"column":8},"end":{"line":80,"column":8}},{"start":{"line":80,"column":8},"end":{"line":80,"column":8}}]},"7":{"line":84,"type":"if","locations":[{"start":{"line":84,"column":8},"end":{"line":84,"column":8}},{"start":{"line":84,"column":8},"end":{"line":84,"column":8}}]},"8":{"line":109,"type":"if","locations":[{"start":{"line":109,"column":8},"end":{"line":109,"column":8}},{"start":{"line":109,"column":8},"end":{"line":109,"column":8}}]},"9":{"line":140,"type":"if","locations":[{"start":{"line":140,"column":8},"end":{"line":140,"column":8}},{"start":{"line":140,"column":8},"end":{"line":140,"column":8}}]},"10":{"line":170,"type":"if","locations":[{"start":{"line":170,"column":12},"end":{"line":170,"column":12}},{"start":{"line":170,"column":12},"end":{"line":170,"column":12}}]}}},
"contracts/OracleStorage.sol":{"l":{},"path":"/Users/kevindegraaf/sifnode/smart-contracts/contracts/OracleStorage.sol","s":{},"b":{},"f":{},"fnMap":{},"statementMap":{},"branchMap":{}},
"contracts/Valset.sol":{"l":{"54":3,"55":0,"66":3,"68":3,"69":3,"70":3,"72":3,"82":0,"93":0,"97":0,"103":0,"104":0,"105":0,"108":0,"110":0,"124":0,"128":0,"131":0,"132":0,"135":0,"136":0,"138":0,"154":0,"159":0,"161":0,"162":0,"165":0,"177":0,"182":0,"194":0,"198":0,"208":0,"214":0,"219":0,"220":0,"231":0,"235":0,"236":0,"239":0,"240":0,"242":0,"255":0,"256":0,"257":0,"259":0,"268":0},"path":"/Users/kevindegraaf/sifnode/smart-contracts/contracts/Valset.sol","s":{"1":3,"2":3,"3":3,"4":3,"5":3,"6":3,"7":0,"8":0,"9":0,"10":0,"11":0,"12":0,"13":0,"14":0,"15":0,"16":0,"17":0,"18":0,"19":0,"20":0,"21":0,"22":0,"23":0,"24":0,"25":0,"26":0,"27":0,"28":0,"29":0,"30":0,"31":0,"32":0,"33":0,"34":0,"35":0,"36":0,"37":0,"38":0,"39":0,"40":0,"41":0},"b":{"1":[0,3],"2":[3,0],"3":[0,0],"4":[0,0],"5":[0,0],"6":[0,0]},"f":{"1":3,"2":3,"3":0,"4":0,"5":0,"6":0,"7":0,"8":0,"9":0,"10":0,"11":0,"12":0},"fnMap":{"1":{"name":"onlyOperator","line":53,"loc":{"start":{"line":53,"column":4},"end":{"line":56,"column":4}}},"2":{"name":"initialize","line":61,"loc":{"start":{"line":61,"column":4},"end":{"line":73,"column":4}}},"3":{"name":"addValidator","line":80,"loc":{"start":{"line":78,"column":4},"end":{"line":83,"column":4}}},"4":{"name":"updateValidatorPower","line":91,"loc":{"start":{"line":88,"column":4},"end":{"line":117,"column":4}}},"5":{"name":"removeValidator","line":122,"loc":{"start":{"line":122,"column":4},"end":{"line":145,"column":4}}},"6":{"name":"updateValset","line":153,"loc":{"start":{"line":150,"column":4},"end":{"line":166,"column":4}}},"7":{"name":"isActiveValidator","line":171,"loc":{"start":{"line":171,"column":4},"end":{"line":183,"column":4}}},"8":{"name":"getValidatorPower","line":188,"loc":{"start":{"line":188,"column":4},"end":{"line":199,"column":4}}},"9":{"name":"recoverGas","line":206,"loc":{"start":{"line":204,"column":4},"end":{"line":221,"column":4}}},"10":{"name":"addValidatorInternal","line":226,"loc":{"start":{"line":226,"column":4},"end":{"line":249,"column":4}}},"11":{"name":"resetValset","line":254,"loc":{"start":{"line":254,"column":4},"end":{"line":260,"column":4}}},"12":{"name":"ethMessageHash","line":267,"loc":{"start":{"line":267,"column":4},"end":{"line":272,"column":4}}}},"statementMap":{"1":{"start":{"line":54,"column":8},"end":{"line":54,"column":63}},"2":{"start":{"line":66,"column":8},"end":{"line":66,"column":44}},"3":{"start":{"line":68,"column":8},"end":{"line":68,"column":27}},"4":{"start":{"line":69,"column":8},"end":{"line":69,"column":31}},"5":{"start":{"line":70,"column":8},"end":{"line":70,"column":26}},"6":{"start":{"line":72,"column":8},"end":{"line":72,"column":49}},"7":{"start":{"line":82,"column":8},"end":{"line":82,"column":63}},"8":{"start":{"line":93,"column":8},"end":{"line":93,"column":2234}},"9":{"start":{"line":97,"column":8},"end":{"line":97,"column":2348}},"10":{"start":{"line":103,"column":8},"end":{"line":103,"column":40}},"11":{"start":{"line":104,"column":8},"end":{"line":104,"column":46}},"12":{"start":{"line":105,"column":8},"end":{"line":105,"column":54}},"13":{"start":{"line":108,"column":8},"end":{"line":108,"column":39}},"14":{"start":{"line":110,"column":8},"end":{"line":110,"column":2750}},"15":{"start":{"line":124,"column":8},"end":{"line":124,"column":3182}},"16":{"start":{"line":128,"column":8},"end":{"line":128,"column":68}},"17":{"start":{"line":131,"column":8},"end":{"line":131,"column":45}},"18":{"start":{"line":132,"column":8},"end":{"line":132,"column":47}},"19":{"start":{"line":138,"column":8},"end":{"line":138,"column":3617}},"20":{"start":{"line":154,"column":8},"end":{"line":154,"column":3966}},"21":{"start":{"line":159,"column":8},"end":{"line":159,"column":20}},"22":{"start":{"line":161,"column":8},"end":{"line":161,"column":4131}},"23":{"start":{"line":162,"column":12},"end":{"line":162,"column":59}},"24":{"start":{"line":165,"column":8},"end":{"line":165,"column":79}},"25":{"start":{"line":177,"column":8},"end":{"line":177,"column":4608}},"26":{"start":{"line":182,"column":8},"end":{"line":182,"column":30}},"27":{"start":{"line":194,"column":8},"end":{"line":194,"column":5087}},"28":{"start":{"line":198,"column":8},"end":{"line":198,"column":26}},"29":{"start":{"line":208,"column":8},"end":{"line":208,"column":5394}},"30":{"start":{"line":214,"column":8},"end":{"line":214,"column":5631}},"31":{"start":{"line":231,"column":8},"end":{"line":231,"column":6132}},"32":{"start":{"line":235,"column":8},"end":{"line":235,"column":45}},"33":{"start":{"line":236,"column":8},"end":{"line":236,"column":51}},"34":{"start":{"line":239,"column":8},"end":{"line":239,"column":29}},"35":{"start":{"line":240,"column":8},"end":{"line":240,"column":36}},"36":{"start":{"line":242,"column":8},"end":{"line":242,"column":6477}},"37":{"start":{"line":255,"column":8},"end":{"line":255,"column":57}},"38":{"start":{"line":256,"column":8},"end":{"line":256,"column":25}},"39":{"start":{"line":257,"column":8},"end":{"line":257,"column":21}},"40":{"start":{"line":259,"column":8},"end":{"line":259,"column":77}},"41":{"start":{"line":268,"column":8},"end":{"line":268,"column":7176}}},"branchMap":{"1":{"line":54,"type":"if","locations":[{"start":{"line":54,"column":8},"end":{"line":54,"column":8}},{"start":{"line":54,"column":8},"end":{"line":54,"column":8}}]},"2":{"line":66,"type":"if","locations":[{"start":{"line":66,"column":8},"end":{"line":66,"column":8}},{"start":{"line":66,"column":8},"end":{"line":66,"column":8}}]},"3":{"line":97,"type":"if","locations":[{"start":{"line":97,"column":8},"end":{"line":97,"column":8}},{"start":{"line":97,"column":8},"end":{"line":97,"column":8}}]},"4":{"line":128,"type":"if","locations":[{"start":{"line":128,"column":8},"end":{"line":128,"column":8}},{"start":{"line":128,"column":8},"end":{"line":128,"column":8}}]},"5":{"line":154,"type":"if","locations":[{"start":{"line":154,"column":8},"end":{"line":154,"column":8}},{"start":{"line":154,"column":8},"end":{"line":154,"column":8}}]},"6":{"line":208,"type":"if","locations":[{"start":{"line":208,"column":8},"end":{"line":208,"column":8}},{"start":{"line":208,"column":8},"end":{"line":208,"column":8}}]}}},
"contracts/ValsetStorage.sol":{"l":{},"path":"/Users/kevindegraaf/sifnode/smart-contracts/contracts/ValsetStorage.sol","s":{},"b":{},"f":{},"fnMap":{},"statementMap":{},"branchMap":{}}}
