TN:
SF:/Users/kevindegraaf/sifnode/smart-contracts/contracts/BridgeBank/BankStorage.sol
FNF:0
FNH:0
LF:0
LH:0
BRF:0
BRH:0
end_of_record
TN:
SF:/Users/kevindegraaf/sifnode/smart-contracts/contracts/BridgeBank/BridgeBank.sol
FN:34,initialize
FN:55,onlyOperator
FN:63,onlyOracle
FN:74,onlyOwner
FN:84,onlyCosmosBridge
FN:95,validSifAddress
FN:105,
FN:110,verifySifPrefix
FN:130,createNewBridgeToken
FN:147,addExistingBridgeToken
FN:161,updateEthWhiteList
FN:195,mintBridgeTokens
FN:217,burn
FN:234,lock
FN:276,unlock
FN:305,getCosmosDepositStatus
FN:319,viewCosmosDeposit
FNF:17
FNH:0
FNDA:0,initialize
FNDA:0,onlyOperator
FNDA:0,onlyOracle
FNDA:0,onlyOwner
FNDA:0,onlyCosmosBridge
FNDA:0,validSifAddress
FNDA:0,
FNDA:0,verifySifPrefix
FNDA:0,createNewBridgeToken
FNDA:0,addExistingBridgeToken
FNDA:0,updateEthWhiteList
FNDA:0,mintBridgeTokens
FNDA:0,burn
FNDA:0,lock
FNDA:0,unlock
FNDA:0,getCosmosDepositStatus
FNDA:0,viewCosmosDeposit
DA:40,0
DA:42,0
DA:43,0
DA:45,0
DA:46,0
DA:47,0
DA:48,0
DA:49,0
DA:56,0
DA:57,0
DA:64,0
DA:68,0
DA:75,0
DA:76,0
DA:85,0
DA:89,0
DA:96,0
DA:97,0
DA:98,0
DA:111,0
DA:113,0
DA:114,0
DA:115,0
DA:118,0
DA:133,0
DA:134,0
DA:136,0
DA:148,0
DA:149,0
DA:164,0
DA:165,0
DA:168,0
DA:171,0
DA:175,0
DA:177,0
DA:196,0
DA:218,0
DA:219,0
DA:220,0
DA:235,0
DA:238,0
DA:239,0
DA:243,0
DA:247,0
DA:250,0
DA:251,0
DA:258,0
DA:261,0
DA:278,0
DA:284,0
DA:285,0
DA:286,0
DA:291,0
DA:296,0
DA:306,0
DA:329,0
LF:56
LH:0
BRDA:40,1,0,0
BRDA:40,1,1,0
BRDA:56,2,0,0
BRDA:56,2,1,0
BRDA:64,3,0,0
BRDA:64,3,1,0
BRDA:75,4,0,0
BRDA:75,4,1,0
BRDA:85,5,0,0
BRDA:85,5,1,0
BRDA:96,6,0,0
BRDA:96,6,1,0
BRDA:97,7,0,0
BRDA:97,7,1,0
BRDA:114,8,0,0
BRDA:114,8,1,0
BRDA:168,9,0,0
BRDA:168,9,1,0
BRDA:171,10,0,0
BRDA:171,10,1,0
BRDA:175,11,0,0
BRDA:175,11,1,0
BRDA:238,12,0,0
BRDA:238,12,1,0
BRDA:239,13,0,0
BRDA:239,13,1,0
BRDA:243,14,0,0
BRDA:243,14,1,0
BRDA:278,15,0,0
BRDA:278,15,1,0
BRDA:285,16,0,0
BRDA:285,16,1,0
BRDA:286,17,0,0
BRDA:286,17,1,0
BRDA:291,18,0,0
BRDA:291,18,1,0
BRF:36
BRH:0
end_of_record
TN:
SF:/Users/kevindegraaf/sifnode/smart-contracts/contracts/BridgeBank/BridgeToken.sol
FN:16,constructor
FNF:1
FNH:0
FNDA:0,constructor
LF:0
LH:0
BRF:0
BRH:0
end_of_record
TN:
SF:/Users/kevindegraaf/sifnode/smart-contracts/contracts/BridgeBank/CosmosBank.sol
FN:34,getBridgeToken
FN:51,newCosmosDeposit
FN:78,deployNewBridgeToken
FN:102,useExistingBridgeToken
FN:126,mintNewBridgeTokens
FN:165,isLockedCosmosDeposit
FN:179,getCosmosDeposit
FNF:7
FNH:0
FNDA:0,getBridgeToken
FNDA:0,newCosmosDeposit
FNDA:0,deployNewBridgeToken
FNDA:0,useExistingBridgeToken
FNDA:0,mintNewBridgeTokens
FNDA:0,isLockedCosmosDeposit
FNDA:0,getCosmosDeposit
DA:39,0
DA:57,0
DA:58,0
DA:62,0
DA:70,0
DA:82,0
DA:85,0
DA:88,0
DA:89,0
DA:91,0
DA:92,0
DA:106,0
DA:108,0
DA:110,0
DA:111,0
DA:113,0
DA:114,0
DA:133,0
DA:139,0
DA:144,0
DA:151,0
DA:166,0
DA:184,0
DA:186,0
LF:24
LH:0
BRDA:133,1,0,0
BRDA:133,1,1,0
BRDA:139,2,0,0
BRDA:139,2,1,0
BRF:4
BRH:0
end_of_record
TN:
SF:/Users/kevindegraaf/sifnode/smart-contracts/contracts/BridgeBank/CosmosBankStorage.sol
FNF:0
FNH:0
LF:0
LH:0
BRF:0
BRH:0
end_of_record
TN:
SF:/Users/kevindegraaf/sifnode/smart-contracts/contracts/BridgeBank/CosmosWhiteList.sol
FN:18,initialize
FN:27,onlyCosmosTokenWhiteList
FN:42,setTokenInCosmosWhiteList
FN:57,getCosmosTokenInWhiteList
FNF:4
FNH:0
FNDA:0,initialize
FNDA:0,onlyCosmosTokenWhiteList
FNDA:0,setTokenInCosmosWhiteList
FNDA:0,getCosmosTokenInWhiteList
DA:19,0
DA:20,0
DA:21,0
DA:28,0
DA:32,0
DA:46,0
DA:47,0
DA:48,0
DA:58,0
LF:9
LH:0
BRDA:19,1,0,0
BRDA:19,1,1,0
BRDA:28,2,0,0
BRDA:28,2,1,0
BRF:4
BRH:0
end_of_record
TN:
SF:/Users/kevindegraaf/sifnode/smart-contracts/contracts/BridgeBank/CosmosWhiteListStorage.sol
FNF:0
FNH:0
LF:0
LH:0
BRF:0
BRH:0
end_of_record
TN:
SF:/Users/kevindegraaf/sifnode/smart-contracts/contracts/BridgeBank/EthereumBank.sol
FN:48,getLockedTokenAddress
FN:61,getLockedFunds
FN:77,burnFunds
FN:96,lockFunds
FN:121,unlockFunds
FNF:5
FNH:0
FNDA:0,getLockedTokenAddress
FNDA:0,getLockedFunds
FNDA:0,burnFunds
FNDA:0,lockFunds
FNDA:0,unlockFunds
DA:53,0
DA:66,0
DA:84,0
DA:85,0
DA:103,0
DA:106,0
DA:107,0
DA:109,0
DA:128,0
DA:131,0
DA:132,0
DA:134,0
DA:135,0
DA:138,0
LF:14
LH:0
BRDA:131,1,0,0
BRDA:131,1,1,0
BRF:2
BRH:0
end_of_record
TN:
SF:/Users/kevindegraaf/sifnode/smart-contracts/contracts/BridgeBank/EthereumBankStorage.sol
FNF:0
FNH:0
LF:0
LH:0
BRF:0
BRH:0
end_of_record
TN:
SF:/Users/kevindegraaf/sifnode/smart-contracts/contracts/BridgeBank/EthereumWhitelist.sol
FN:25,initialize
FN:34,onlyEthTokenWhiteList
FN:49,setTokenInEthWhiteList
FN:64,getTokenInEthWhiteList
FNF:4
FNH:0
FNDA:0,initialize
FNDA:0,onlyEthTokenWhiteList
FNDA:0,setTokenInEthWhiteList
FNDA:0,getTokenInEthWhiteList
DA:26,0
DA:27,0
DA:28,0
DA:35,0
DA:39,0
DA:53,0
DA:54,0
DA:55,0
DA:65,0
LF:9
LH:0
BRDA:26,1,0,0
BRDA:26,1,1,0
BRDA:35,2,0,0
BRDA:35,2,1,0
BRF:4
BRH:0
end_of_record
TN:
SF:/Users/kevindegraaf/sifnode/smart-contracts/contracts/BridgeRegistry.sol
FN:21,initialize
FNF:1
FNH:0
FNDA:0,initialize
DA:27,0
DA:29,0
DA:30,0
DA:31,0
DA:32,0
DA:33,0
DA:35,0
LF:7
LH:0
BRDA:27,1,0,0
BRDA:27,1,1,0
BRF:2
BRH:0
end_of_record
TN:
SF:/Users/kevindegraaf/sifnode/smart-contracts/contracts/CosmosBridge.sol
FN:40,isPending
FN:51,onlyOperator
FN:59,isActive
FN:70,onlyValidator
FN:81,initialize
FN:96,setOracle
FN:111,setBridgeBank
FN:136,newProphecyClaim
FN:209,completeProphecyClaim
FN:227,issueBridgeTokens
FN:243,unlockTokens
FN:257,isProphecyClaimActive
FN:270,isProphecyClaimValidatorActive
FN:287,concat
FNF:14
FNH:0
FNDA:0,isPending
FNDA:0,onlyOperator
FNDA:0,isActive
FNDA:0,onlyValidator
FNDA:0,initialize
FNDA:0,setOracle
FNDA:0,setBridgeBank
FNDA:0,newProphecyClaim
FNDA:0,completeProphecyClaim
FNDA:0,issueBridgeTokens
FNDA:0,unlockTokens
FNDA:0,isProphecyClaimActive
FNDA:0,isProphecyClaimValidatorActive
FNDA:0,concat
DA:41,0
DA:45,0
DA:52,0
DA:53,0
DA:60,0
DA:64,0
DA:71,0
DA:75,0
DA:82,0
DA:84,0
DA:85,0
DA:86,0
DA:87,0
DA:88,0
DA:89,0
DA:90,0
DA:97,0
DA:102,0
DA:103,0
DA:105,0
DA:112,0
DA:117,0
DA:118,0
DA:120,0
DA:137,0
DA:138,0
DA:139,0
DA:140,0
DA:142,0
DA:143,0
DA:144,0
DA:145,0
DA:149,0
DA:150,0
DA:152,0
DA:153,0
DA:154,0
DA:156,0
DA:159,0
DA:162,0
DA:166,0
DA:178,0
DA:179,0
DA:181,0
DA:192,0
DA:193,0
DA:196,0
DA:197,0
DA:211,0
DA:213,0
DA:214,0
DA:215,0
DA:217,0
DA:220,0
DA:228,0
DA:230,0
DA:244,0
DA:246,0
DA:262,0
DA:275,0
DA:292,0
LF:61
LH:0
BRDA:41,1,0,0
BRDA:41,1,1,0
BRDA:52,2,0,0
BRDA:52,2,1,0
BRDA:60,3,0,0
BRDA:60,3,1,0
BRDA:71,4,0,0
BRDA:71,4,1,0
BRDA:82,5,0,0
BRDA:82,5,1,0
BRDA:97,6,0,0
BRDA:97,6,1,0
BRDA:112,7,0,0
BRDA:112,7,1,0
BRDA:139,8,0,0
BRDA:139,8,1,0
BRDA:144,9,0,0
BRDA:144,9,1,0
BRDA:145,10,0,0
BRDA:145,10,1,0
BRDA:151,11,0,0
BRDA:151,11,1,0
BRDA:154,12,0,0
BRDA:154,12,1,0
BRDA:196,13,0,0
BRDA:196,13,1,0
BRDA:214,14,0,0
BRDA:214,14,1,0
BRF:28
BRH:0
end_of_record
TN:
SF:/Users/kevindegraaf/sifnode/smart-contracts/contracts/CosmosBridgeStorage.sol
FNF:0
FNH:0
LF:0
LH:0
BRF:0
BRH:0
end_of_record
TN:
SF:/Users/kevindegraaf/sifnode/smart-contracts/contracts/MockUpgrade/MockCosmsosBridgeUpgrade.sol
FN:12,balanceOf
FN:24,transfer
FN:43,_transfer
FN:60,_mint
FN:72,tokenFaucet
FNF:5
FNH:0
FNDA:0,balanceOf
FNDA:0,transfer
FNDA:0,_transfer
FNDA:0,_mint
FNDA:0,tokenFaucet
DA:13,0
DA:25,0
DA:26,0
DA:44,0
DA:45,0
DA:47,0
DA:48,0
DA:61,0
DA:63,0
DA:64,0
DA:73,0
LF:11
LH:0
BRDA:44,1,0,0
BRDA:44,1,1,0
BRDA:45,2,0,0
BRDA:45,2,1,0
BRDA:61,3,0,0
BRDA:61,3,1,0
BRF:6
BRH:0
end_of_record
TN:
SF:/Users/kevindegraaf/sifnode/smart-contracts/contracts/Oracle.sol
FN:32,onlyOperator
FN:40,onlyValidator
FN:51,onlyCosmosBridge
FN:62,isPending
FN:73,initialize
FN:105,newOracleClaim
FN:137,checkBridgeProphecy
FN:153,getProphecyThreshold
FNF:8
FNH:0
FNDA:0,onlyOperator
FNDA:0,onlyValidator
FNDA:0,onlyCosmosBridge
FNDA:0,isPending
FNDA:0,initialize
FNDA:0,newOracleClaim
FNDA:0,checkBridgeProphecy
FNDA:0,getProphecyThreshold
DA:33,0
DA:34,0
DA:41,0
DA:45,0
DA:52,0
DA:56,0
DA:63,0
DA:67,0
DA:79,0
DA:80,0
DA:84,0
DA:88,0
DA:89,0
DA:90,0
DA:91,0
DA:92,0
DA:109,0
DA:114,0
DA:115,0
DA:117,0
DA:123,0
DA:125,0
DA:140,0
DA:144,0
DA:158,0
DA:159,0
DA:162,0
DA:167,0
DA:170,0
DA:171,0
DA:176,0
DA:178,0
DA:179,0
DA:182,0
LF:34
LH:0
BRDA:33,1,0,0
BRDA:33,1,1,0
BRDA:41,2,0,0
BRDA:41,2,1,0
BRDA:52,3,0,0
BRDA:52,3,1,0
BRDA:63,4,0,0
BRDA:63,4,1,0
BRDA:79,5,0,0
BRDA:79,5,1,0
BRDA:80,6,0,0
BRDA:80,6,1,0
BRDA:84,7,0,0
BRDA:84,7,1,0
BRDA:109,8,0,0
BRDA:109,8,1,0
BRDA:140,9,0,0
BRDA:140,9,1,0
BRDA:170,10,0,0
BRDA:170,10,1,0
BRF:20
BRH:0
end_of_record
TN:
SF:/Users/kevindegraaf/sifnode/smart-contracts/contracts/OracleStorage.sol
FNF:0
FNH:0
LF:0
LH:0
BRF:0
BRH:0
end_of_record
TN:
SF:/Users/kevindegraaf/sifnode/smart-contracts/contracts/Valset.sol
FN:53,onlyOperator
FN:61,initialize
FN:80,addValidator
FN:91,updateValidatorPower
FN:122,removeValidator
FN:153,updateValset
FN:171,isActiveValidator
FN:188,getValidatorPower
FN:206,recoverGas
FN:226,addValidatorInternal
FN:254,resetValset
FN:267,ethMessageHash
FNF:12
FNH:2
FNDA:3,onlyOperator
FNDA:3,initialize
FNDA:0,addValidator
FNDA:0,updateValidatorPower
FNDA:0,removeValidator
FNDA:0,updateValset
FNDA:0,isActiveValidator
FNDA:0,getValidatorPower
FNDA:0,recoverGas
FNDA:0,addValidatorInternal
FNDA:0,resetValset
FNDA:0,ethMessageHash
DA:54,3
DA:55,0
DA:66,3
DA:68,3
DA:69,3
DA:70,3
DA:72,3
DA:82,0
DA:93,0
DA:97,0
DA:103,0
DA:104,0
DA:105,0
DA:108,0
DA:110,0
DA:124,0
DA:128,0
DA:131,0
DA:132,0
DA:135,0
DA:136,0
DA:138,0
DA:154,0
DA:159,0
DA:161,0
DA:162,0
DA:165,0
DA:177,0
DA:182,0
DA:194,0
DA:198,0
DA:208,0
DA:214,0
DA:219,0
DA:220,0
DA:231,0
DA:235,0
DA:236,0
DA:239,0
DA:240,0
DA:242,0
DA:255,0
DA:256,0
DA:257,0
DA:259,0
DA:268,0
LF:46
LH:6
BRDA:54,1,0,0
BRDA:54,1,1,3
BRDA:66,2,0,3
BRDA:66,2,1,0
BRDA:97,3,0,0
BRDA:97,3,1,0
BRDA:128,4,0,0
BRDA:128,4,1,0
BRDA:154,5,0,0
BRDA:154,5,1,0
BRDA:208,6,0,0
BRDA:208,6,1,0
BRF:12
BRH:2
end_of_record
TN:
SF:/Users/kevindegraaf/sifnode/smart-contracts/contracts/ValsetStorage.sol
FNF:0
FNH:0
LF:0
LH:0
BRF:0
BRH:0
end_of_record
